The system is: Linux - 5.4.10-arch1-1 - x86_64
Compiling the C compiler identification source file "CMakeCCompilerId.c" succeeded.
Compiler: /usr/bin/cc 
Build flags: 
Id flags:  

The output was:
0


Compilation of the C compiler identification source "CMakeCCompilerId.c" produced "a.out"

The C compiler identification is GNU, found in "/home/brett/Projects/hidden-markov-model/CMakeFiles/3.16.2/CompilerIdC/a.out"

Compiling the CXX compiler identification source file "CMakeCXXCompilerId.cpp" succeeded.
Compiler: /usr/bin/c++ 
Build flags: 
Id flags:  

The output was:
0


Compilation of the CXX compiler identification source "CMakeCXXCompilerId.cpp" produced "a.out"

The CXX compiler identification is GNU, found in "/home/brett/Projects/hidden-markov-model/CMakeFiles/3.16.2/CompilerIdCXX/a.out"

Determining if the C compiler works passed with the following output:
Change Dir: /home/brett/Projects/hidden-markov-model/CMakeFiles/CMakeTmp

Run Build Command(s):/usr/bin/make cmTC_80a10/fast && /usr/bin/make -f CMakeFiles/cmTC_80a10.dir/build.make CMakeFiles/cmTC_80a10.dir/build
make[1]: Entering directory '/home/brett/Projects/hidden-markov-model/CMakeFiles/CMakeTmp'
Building C object CMakeFiles/cmTC_80a10.dir/testCCompiler.c.o
/usr/bin/cc    -o CMakeFiles/cmTC_80a10.dir/testCCompiler.c.o   -c /home/brett/Projects/hidden-markov-model/CMakeFiles/CMakeTmp/testCCompiler.c
Linking C executable cmTC_80a10
/usr/bin/cmake -E cmake_link_script CMakeFiles/cmTC_80a10.dir/link.txt --verbose=1
/usr/bin/cc      CMakeFiles/cmTC_80a10.dir/testCCompiler.c.o  -o cmTC_80a10 
make[1]: Leaving directory '/home/brett/Projects/hidden-markov-model/CMakeFiles/CMakeTmp'



Detecting C compiler ABI info compiled with the following output:
Change Dir: /home/brett/Projects/hidden-markov-model/CMakeFiles/CMakeTmp

Run Build Command(s):/usr/bin/make cmTC_d966a/fast && /usr/bin/make -f CMakeFiles/cmTC_d966a.dir/build.make CMakeFiles/cmTC_d966a.dir/build
make[1]: Entering directory '/home/brett/Projects/hidden-markov-model/CMakeFiles/CMakeTmp'
Building C object CMakeFiles/cmTC_d966a.dir/CMakeCCompilerABI.c.o
/usr/bin/cc   -v -o CMakeFiles/cmTC_d966a.dir/CMakeCCompilerABI.c.o   -c /usr/share/cmake-3.16/Modules/CMakeCCompilerABI.c
Using built-in specs.
COLLECT_GCC=/usr/bin/cc
Target: x86_64-pc-linux-gnu
Configured with: /build/gcc/src/gcc/configure --prefix=/usr --libdir=/usr/lib --libexecdir=/usr/lib --mandir=/usr/share/man --infodir=/usr/share/info --with-bugurl=https://bugs.archlinux.org/ --enable-languages=c,c++,ada,fortran,go,lto,objc,obj-c++,d --enable-shared --enable-threads=posix --with-system-zlib --with-isl --enable-__cxa_atexit --disable-libunwind-exceptions --enable-clocale=gnu --disable-libstdcxx-pch --disable-libssp --enable-gnu-unique-object --enable-linker-build-id --enable-lto --enable-plugin --enable-install-libiberty --with-linker-hash-style=gnu --enable-gnu-indirect-function --enable-multilib --disable-werror --enable-checking=release --enable-default-pie --enable-default-ssp --enable-cet=auto gdc_include_dir=/usr/include/dlang/gdc
Thread model: posix
gcc version 9.2.0 (GCC) 
COLLECT_GCC_OPTIONS='-v' '-o' 'CMakeFiles/cmTC_d966a.dir/CMakeCCompilerABI.c.o' '-c' '-mtune=generic' '-march=x86-64'
 /usr/lib/gcc/x86_64-pc-linux-gnu/9.2.0/cc1 -quiet -v /usr/share/cmake-3.16/Modules/CMakeCCompilerABI.c -quiet -dumpbase CMakeCCompilerABI.c -mtune=generic -march=x86-64 -auxbase-strip CMakeFiles/cmTC_d966a.dir/CMakeCCompilerABI.c.o -version -o /tmp/ccoFihdD.s
GNU C17 (GCC) version 9.2.0 (x86_64-pc-linux-gnu)
	compiled by GNU C version 9.2.0, GMP version 6.1.2, MPFR version 4.0.2, MPC version 1.1.0, isl version isl-0.21-GMP

GGC heuristics: --param ggc-min-expand=100 --param ggc-min-heapsize=131072
ignoring nonexistent directory "/usr/lib/gcc/x86_64-pc-linux-gnu/9.2.0/../../../../x86_64-pc-linux-gnu/include"
#include "..." search starts here:
#include <...> search starts here:
 /usr/lib/gcc/x86_64-pc-linux-gnu/9.2.0/include
 /usr/local/include
 /usr/lib/gcc/x86_64-pc-linux-gnu/9.2.0/include-fixed
 /usr/include
End of search list.
GNU C17 (GCC) version 9.2.0 (x86_64-pc-linux-gnu)
	compiled by GNU C version 9.2.0, GMP version 6.1.2, MPFR version 4.0.2, MPC version 1.1.0, isl version isl-0.21-GMP

GGC heuristics: --param ggc-min-expand=100 --param ggc-min-heapsize=131072
Compiler executable checksum: 084559c67b5620be476de387987f6c74
COLLECT_GCC_OPTIONS='-v' '-o' 'CMakeFiles/cmTC_d966a.dir/CMakeCCompilerABI.c.o' '-c' '-mtune=generic' '-march=x86-64'
 as -v --64 -o CMakeFiles/cmTC_d966a.dir/CMakeCCompilerABI.c.o /tmp/ccoFihdD.s
GNU assembler version 2.33.1 (x86_64-pc-linux-gnu) using BFD version (GNU Binutils) 2.33.1
COMPILER_PATH=/usr/lib/gcc/x86_64-pc-linux-gnu/9.2.0/:/usr/lib/gcc/x86_64-pc-linux-gnu/9.2.0/:/usr/lib/gcc/x86_64-pc-linux-gnu/:/usr/lib/gcc/x86_64-pc-linux-gnu/9.2.0/:/usr/lib/gcc/x86_64-pc-linux-gnu/
LIBRARY_PATH=/usr/lib/gcc/x86_64-pc-linux-gnu/9.2.0/:/usr/lib/gcc/x86_64-pc-linux-gnu/9.2.0/../../../../lib/:/lib/../lib/:/usr/lib/../lib/:/usr/lib/gcc/x86_64-pc-linux-gnu/9.2.0/../../../:/lib/:/usr/lib/
COLLECT_GCC_OPTIONS='-v' '-o' 'CMakeFiles/cmTC_d966a.dir/CMakeCCompilerABI.c.o' '-c' '-mtune=generic' '-march=x86-64'
Linking C executable cmTC_d966a
/usr/bin/cmake -E cmake_link_script CMakeFiles/cmTC_d966a.dir/link.txt --verbose=1
/usr/bin/cc     -v CMakeFiles/cmTC_d966a.dir/CMakeCCompilerABI.c.o  -o cmTC_d966a 
Using built-in specs.
COLLECT_GCC=/usr/bin/cc
COLLECT_LTO_WRAPPER=/usr/lib/gcc/x86_64-pc-linux-gnu/9.2.0/lto-wrapper
Target: x86_64-pc-linux-gnu
Configured with: /build/gcc/src/gcc/configure --prefix=/usr --libdir=/usr/lib --libexecdir=/usr/lib --mandir=/usr/share/man --infodir=/usr/share/info --with-bugurl=https://bugs.archlinux.org/ --enable-languages=c,c++,ada,fortran,go,lto,objc,obj-c++,d --enable-shared --enable-threads=posix --with-system-zlib --with-isl --enable-__cxa_atexit --disable-libunwind-exceptions --enable-clocale=gnu --disable-libstdcxx-pch --disable-libssp --enable-gnu-unique-object --enable-linker-build-id --enable-lto --enable-plugin --enable-install-libiberty --with-linker-hash-style=gnu --enable-gnu-indirect-function --enable-multilib --disable-werror --enable-checking=release --enable-default-pie --enable-default-ssp --enable-cet=auto gdc_include_dir=/usr/include/dlang/gdc
Thread model: posix
gcc version 9.2.0 (GCC) 
COMPILER_PATH=/usr/lib/gcc/x86_64-pc-linux-gnu/9.2.0/:/usr/lib/gcc/x86_64-pc-linux-gnu/9.2.0/:/usr/lib/gcc/x86_64-pc-linux-gnu/:/usr/lib/gcc/x86_64-pc-linux-gnu/9.2.0/:/usr/lib/gcc/x86_64-pc-linux-gnu/
LIBRARY_PATH=/usr/lib/gcc/x86_64-pc-linux-gnu/9.2.0/:/usr/lib/gcc/x86_64-pc-linux-gnu/9.2.0/../../../../lib/:/lib/../lib/:/usr/lib/../lib/:/usr/lib/gcc/x86_64-pc-linux-gnu/9.2.0/../../../:/lib/:/usr/lib/
COLLECT_GCC_OPTIONS='-v' '-o' 'cmTC_d966a' '-mtune=generic' '-march=x86-64'
 /usr/lib/gcc/x86_64-pc-linux-gnu/9.2.0/collect2 -plugin /usr/lib/gcc/x86_64-pc-linux-gnu/9.2.0/liblto_plugin.so -plugin-opt=/usr/lib/gcc/x86_64-pc-linux-gnu/9.2.0/lto-wrapper -plugin-opt=-fresolution=/tmp/cczGZpM1.res -plugin-opt=-pass-through=-lgcc -plugin-opt=-pass-through=-lgcc_s -plugin-opt=-pass-through=-lc -plugin-opt=-pass-through=-lgcc -plugin-opt=-pass-through=-lgcc_s --build-id --eh-frame-hdr --hash-style=gnu -m elf_x86_64 -dynamic-linker /lib64/ld-linux-x86-64.so.2 -pie -o cmTC_d966a /usr/lib/gcc/x86_64-pc-linux-gnu/9.2.0/../../../../lib/Scrt1.o /usr/lib/gcc/x86_64-pc-linux-gnu/9.2.0/../../../../lib/crti.o /usr/lib/gcc/x86_64-pc-linux-gnu/9.2.0/crtbeginS.o -L/usr/lib/gcc/x86_64-pc-linux-gnu/9.2.0 -L/usr/lib/gcc/x86_64-pc-linux-gnu/9.2.0/../../../../lib -L/lib/../lib -L/usr/lib/../lib -L/usr/lib/gcc/x86_64-pc-linux-gnu/9.2.0/../../.. CMakeFiles/cmTC_d966a.dir/CMakeCCompilerABI.c.o -lgcc --push-state --as-needed -lgcc_s --pop-state -lc -lgcc --push-state --as-needed -lgcc_s --pop-state /usr/lib/gcc/x86_64-pc-linux-gnu/9.2.0/crtendS.o /usr/lib/gcc/x86_64-pc-linux-gnu/9.2.0/../../../../lib/crtn.o
COLLECT_GCC_OPTIONS='-v' '-o' 'cmTC_d966a' '-mtune=generic' '-march=x86-64'
make[1]: Leaving directory '/home/brett/Projects/hidden-markov-model/CMakeFiles/CMakeTmp'



Parsed C implicit include dir info from above output: rv=done
  found start of include info
  found start of implicit include info
    add: [/usr/lib/gcc/x86_64-pc-linux-gnu/9.2.0/include]
    add: [/usr/local/include]
    add: [/usr/lib/gcc/x86_64-pc-linux-gnu/9.2.0/include-fixed]
    add: [/usr/include]
  end of search list found
  collapse include dir [/usr/lib/gcc/x86_64-pc-linux-gnu/9.2.0/include] ==> [/usr/lib/gcc/x86_64-pc-linux-gnu/9.2.0/include]
  collapse include dir [/usr/local/include] ==> [/usr/local/include]
  collapse include dir [/usr/lib/gcc/x86_64-pc-linux-gnu/9.2.0/include-fixed] ==> [/usr/lib/gcc/x86_64-pc-linux-gnu/9.2.0/include-fixed]
  collapse include dir [/usr/include] ==> [/usr/include]
  implicit include dirs: [/usr/lib/gcc/x86_64-pc-linux-gnu/9.2.0/include;/usr/local/include;/usr/lib/gcc/x86_64-pc-linux-gnu/9.2.0/include-fixed;/usr/include]


Parsed C implicit link information from above output:
  link line regex: [^( *|.*[/\])(ld|CMAKE_LINK_STARTFILE-NOTFOUND|([^/\]+-)?ld|collect2)[^/\]*( |$)]
  ignore line: [Change Dir: /home/brett/Projects/hidden-markov-model/CMakeFiles/CMakeTmp]
  ignore line: []
  ignore line: [Run Build Command(s):/usr/bin/make cmTC_d966a/fast && /usr/bin/make -f CMakeFiles/cmTC_d966a.dir/build.make CMakeFiles/cmTC_d966a.dir/build]
  ignore line: [make[1]: Entering directory '/home/brett/Projects/hidden-markov-model/CMakeFiles/CMakeTmp']
  ignore line: [Building C object CMakeFiles/cmTC_d966a.dir/CMakeCCompilerABI.c.o]
  ignore line: [/usr/bin/cc   -v -o CMakeFiles/cmTC_d966a.dir/CMakeCCompilerABI.c.o   -c /usr/share/cmake-3.16/Modules/CMakeCCompilerABI.c]
  ignore line: [Using built-in specs.]
  ignore line: [COLLECT_GCC=/usr/bin/cc]
  ignore line: [Target: x86_64-pc-linux-gnu]
  ignore line: [Configured with: /build/gcc/src/gcc/configure --prefix=/usr --libdir=/usr/lib --libexecdir=/usr/lib --mandir=/usr/share/man --infodir=/usr/share/info --with-bugurl=https://bugs.archlinux.org/ --enable-languages=c c++ ada fortran go lto objc obj-c++ d --enable-shared --enable-threads=posix --with-system-zlib --with-isl --enable-__cxa_atexit --disable-libunwind-exceptions --enable-clocale=gnu --disable-libstdcxx-pch --disable-libssp --enable-gnu-unique-object --enable-linker-build-id --enable-lto --enable-plugin --enable-install-libiberty --with-linker-hash-style=gnu --enable-gnu-indirect-function --enable-multilib --disable-werror --enable-checking=release --enable-default-pie --enable-default-ssp --enable-cet=auto gdc_include_dir=/usr/include/dlang/gdc]
  ignore line: [Thread model: posix]
  ignore line: [gcc version 9.2.0 (GCC) ]
  ignore line: [COLLECT_GCC_OPTIONS='-v' '-o' 'CMakeFiles/cmTC_d966a.dir/CMakeCCompilerABI.c.o' '-c' '-mtune=generic' '-march=x86-64']
  ignore line: [ /usr/lib/gcc/x86_64-pc-linux-gnu/9.2.0/cc1 -quiet -v /usr/share/cmake-3.16/Modules/CMakeCCompilerABI.c -quiet -dumpbase CMakeCCompilerABI.c -mtune=generic -march=x86-64 -auxbase-strip CMakeFiles/cmTC_d966a.dir/CMakeCCompilerABI.c.o -version -o /tmp/ccoFihdD.s]
  ignore line: [GNU C17 (GCC) version 9.2.0 (x86_64-pc-linux-gnu)]
  ignore line: [	compiled by GNU C version 9.2.0  GMP version 6.1.2  MPFR version 4.0.2  MPC version 1.1.0  isl version isl-0.21-GMP]
  ignore line: []
  ignore line: [GGC heuristics: --param ggc-min-expand=100 --param ggc-min-heapsize=131072]
  ignore line: [ignoring nonexistent directory "/usr/lib/gcc/x86_64-pc-linux-gnu/9.2.0/../../../../x86_64-pc-linux-gnu/include"]
  ignore line: [#include "..." search starts here:]
  ignore line: [#include <...> search starts here:]
  ignore line: [ /usr/lib/gcc/x86_64-pc-linux-gnu/9.2.0/include]
  ignore line: [ /usr/local/include]
  ignore line: [ /usr/lib/gcc/x86_64-pc-linux-gnu/9.2.0/include-fixed]
  ignore line: [ /usr/include]
  ignore line: [End of search list.]
  ignore line: [GNU C17 (GCC) version 9.2.0 (x86_64-pc-linux-gnu)]
  ignore line: [	compiled by GNU C version 9.2.0  GMP version 6.1.2  MPFR version 4.0.2  MPC version 1.1.0  isl version isl-0.21-GMP]
  ignore line: []
  ignore line: [GGC heuristics: --param ggc-min-expand=100 --param ggc-min-heapsize=131072]
  ignore line: [Compiler executable checksum: 084559c67b5620be476de387987f6c74]
  ignore line: [COLLECT_GCC_OPTIONS='-v' '-o' 'CMakeFiles/cmTC_d966a.dir/CMakeCCompilerABI.c.o' '-c' '-mtune=generic' '-march=x86-64']
  ignore line: [ as -v --64 -o CMakeFiles/cmTC_d966a.dir/CMakeCCompilerABI.c.o /tmp/ccoFihdD.s]
  ignore line: [GNU assembler version 2.33.1 (x86_64-pc-linux-gnu) using BFD version (GNU Binutils) 2.33.1]
  ignore line: [COMPILER_PATH=/usr/lib/gcc/x86_64-pc-linux-gnu/9.2.0/:/usr/lib/gcc/x86_64-pc-linux-gnu/9.2.0/:/usr/lib/gcc/x86_64-pc-linux-gnu/:/usr/lib/gcc/x86_64-pc-linux-gnu/9.2.0/:/usr/lib/gcc/x86_64-pc-linux-gnu/]
  ignore line: [LIBRARY_PATH=/usr/lib/gcc/x86_64-pc-linux-gnu/9.2.0/:/usr/lib/gcc/x86_64-pc-linux-gnu/9.2.0/../../../../lib/:/lib/../lib/:/usr/lib/../lib/:/usr/lib/gcc/x86_64-pc-linux-gnu/9.2.0/../../../:/lib/:/usr/lib/]
  ignore line: [COLLECT_GCC_OPTIONS='-v' '-o' 'CMakeFiles/cmTC_d966a.dir/CMakeCCompilerABI.c.o' '-c' '-mtune=generic' '-march=x86-64']
  ignore line: [Linking C executable cmTC_d966a]
  ignore line: [/usr/bin/cmake -E cmake_link_script CMakeFiles/cmTC_d966a.dir/link.txt --verbose=1]
  ignore line: [/usr/bin/cc     -v CMakeFiles/cmTC_d966a.dir/CMakeCCompilerABI.c.o  -o cmTC_d966a ]
  ignore line: [Using built-in specs.]
  ignore line: [COLLECT_GCC=/usr/bin/cc]
  ignore line: [COLLECT_LTO_WRAPPER=/usr/lib/gcc/x86_64-pc-linux-gnu/9.2.0/lto-wrapper]
  ignore line: [Target: x86_64-pc-linux-gnu]
  ignore line: [Configured with: /build/gcc/src/gcc/configure --prefix=/usr --libdir=/usr/lib --libexecdir=/usr/lib --mandir=/usr/share/man --infodir=/usr/share/info --with-bugurl=https://bugs.archlinux.org/ --enable-languages=c c++ ada fortran go lto objc obj-c++ d --enable-shared --enable-threads=posix --with-system-zlib --with-isl --enable-__cxa_atexit --disable-libunwind-exceptions --enable-clocale=gnu --disable-libstdcxx-pch --disable-libssp --enable-gnu-unique-object --enable-linker-build-id --enable-lto --enable-plugin --enable-install-libiberty --with-linker-hash-style=gnu --enable-gnu-indirect-function --enable-multilib --disable-werror --enable-checking=release --enable-default-pie --enable-default-ssp --enable-cet=auto gdc_include_dir=/usr/include/dlang/gdc]
  ignore line: [Thread model: posix]
  ignore line: [gcc version 9.2.0 (GCC) ]
  ignore line: [COMPILER_PATH=/usr/lib/gcc/x86_64-pc-linux-gnu/9.2.0/:/usr/lib/gcc/x86_64-pc-linux-gnu/9.2.0/:/usr/lib/gcc/x86_64-pc-linux-gnu/:/usr/lib/gcc/x86_64-pc-linux-gnu/9.2.0/:/usr/lib/gcc/x86_64-pc-linux-gnu/]
  ignore line: [LIBRARY_PATH=/usr/lib/gcc/x86_64-pc-linux-gnu/9.2.0/:/usr/lib/gcc/x86_64-pc-linux-gnu/9.2.0/../../../../lib/:/lib/../lib/:/usr/lib/../lib/:/usr/lib/gcc/x86_64-pc-linux-gnu/9.2.0/../../../:/lib/:/usr/lib/]
  ignore line: [COLLECT_GCC_OPTIONS='-v' '-o' 'cmTC_d966a' '-mtune=generic' '-march=x86-64']
  link line: [ /usr/lib/gcc/x86_64-pc-linux-gnu/9.2.0/collect2 -plugin /usr/lib/gcc/x86_64-pc-linux-gnu/9.2.0/liblto_plugin.so -plugin-opt=/usr/lib/gcc/x86_64-pc-linux-gnu/9.2.0/lto-wrapper -plugin-opt=-fresolution=/tmp/cczGZpM1.res -plugin-opt=-pass-through=-lgcc -plugin-opt=-pass-through=-lgcc_s -plugin-opt=-pass-through=-lc -plugin-opt=-pass-through=-lgcc -plugin-opt=-pass-through=-lgcc_s --build-id --eh-frame-hdr --hash-style=gnu -m elf_x86_64 -dynamic-linker /lib64/ld-linux-x86-64.so.2 -pie -o cmTC_d966a /usr/lib/gcc/x86_64-pc-linux-gnu/9.2.0/../../../../lib/Scrt1.o /usr/lib/gcc/x86_64-pc-linux-gnu/9.2.0/../../../../lib/crti.o /usr/lib/gcc/x86_64-pc-linux-gnu/9.2.0/crtbeginS.o -L/usr/lib/gcc/x86_64-pc-linux-gnu/9.2.0 -L/usr/lib/gcc/x86_64-pc-linux-gnu/9.2.0/../../../../lib -L/lib/../lib -L/usr/lib/../lib -L/usr/lib/gcc/x86_64-pc-linux-gnu/9.2.0/../../.. CMakeFiles/cmTC_d966a.dir/CMakeCCompilerABI.c.o -lgcc --push-state --as-needed -lgcc_s --pop-state -lc -lgcc --push-state --as-needed -lgcc_s --pop-state /usr/lib/gcc/x86_64-pc-linux-gnu/9.2.0/crtendS.o /usr/lib/gcc/x86_64-pc-linux-gnu/9.2.0/../../../../lib/crtn.o]
    arg [/usr/lib/gcc/x86_64-pc-linux-gnu/9.2.0/collect2] ==> ignore
    arg [-plugin] ==> ignore
    arg [/usr/lib/gcc/x86_64-pc-linux-gnu/9.2.0/liblto_plugin.so] ==> ignore
    arg [-plugin-opt=/usr/lib/gcc/x86_64-pc-linux-gnu/9.2.0/lto-wrapper] ==> ignore
    arg [-plugin-opt=-fresolution=/tmp/cczGZpM1.res] ==> ignore
    arg [-plugin-opt=-pass-through=-lgcc] ==> ignore
    arg [-plugin-opt=-pass-through=-lgcc_s] ==> ignore
    arg [-plugin-opt=-pass-through=-lc] ==> ignore
    arg [-plugin-opt=-pass-through=-lgcc] ==> ignore
    arg [-plugin-opt=-pass-through=-lgcc_s] ==> ignore
    arg [--build-id] ==> ignore
    arg [--eh-frame-hdr] ==> ignore
    arg [--hash-style=gnu] ==> ignore
    arg [-m] ==> ignore
    arg [elf_x86_64] ==> ignore
    arg [-dynamic-linker] ==> ignore
    arg [/lib64/ld-linux-x86-64.so.2] ==> ignore
    arg [-pie] ==> ignore
    arg [-o] ==> ignore
    arg [cmTC_d966a] ==> ignore
    arg [/usr/lib/gcc/x86_64-pc-linux-gnu/9.2.0/../../../../lib/Scrt1.o] ==> ignore
    arg [/usr/lib/gcc/x86_64-pc-linux-gnu/9.2.0/../../../../lib/crti.o] ==> ignore
    arg [/usr/lib/gcc/x86_64-pc-linux-gnu/9.2.0/crtbeginS.o] ==> ignore
    arg [-L/usr/lib/gcc/x86_64-pc-linux-gnu/9.2.0] ==> dir [/usr/lib/gcc/x86_64-pc-linux-gnu/9.2.0]
    arg [-L/usr/lib/gcc/x86_64-pc-linux-gnu/9.2.0/../../../../lib] ==> dir [/usr/lib/gcc/x86_64-pc-linux-gnu/9.2.0/../../../../lib]
    arg [-L/lib/../lib] ==> dir [/lib/../lib]
    arg [-L/usr/lib/../lib] ==> dir [/usr/lib/../lib]
    arg [-L/usr/lib/gcc/x86_64-pc-linux-gnu/9.2.0/../../..] ==> dir [/usr/lib/gcc/x86_64-pc-linux-gnu/9.2.0/../../..]
    arg [CMakeFiles/cmTC_d966a.dir/CMakeCCompilerABI.c.o] ==> ignore
    arg [-lgcc] ==> lib [gcc]
    arg [--push-state] ==> ignore
    arg [--as-needed] ==> ignore
    arg [-lgcc_s] ==> lib [gcc_s]
    arg [--pop-state] ==> ignore
    arg [-lc] ==> lib [c]
    arg [-lgcc] ==> lib [gcc]
    arg [--push-state] ==> ignore
    arg [--as-needed] ==> ignore
    arg [-lgcc_s] ==> lib [gcc_s]
    arg [--pop-state] ==> ignore
    arg [/usr/lib/gcc/x86_64-pc-linux-gnu/9.2.0/crtendS.o] ==> ignore
    arg [/usr/lib/gcc/x86_64-pc-linux-gnu/9.2.0/../../../../lib/crtn.o] ==> ignore
  collapse library dir [/usr/lib/gcc/x86_64-pc-linux-gnu/9.2.0] ==> [/usr/lib/gcc/x86_64-pc-linux-gnu/9.2.0]
  collapse library dir [/usr/lib/gcc/x86_64-pc-linux-gnu/9.2.0/../../../../lib] ==> [/usr/lib]
  collapse library dir [/lib/../lib] ==> [/lib]
  collapse library dir [/usr/lib/../lib] ==> [/usr/lib]
  collapse library dir [/usr/lib/gcc/x86_64-pc-linux-gnu/9.2.0/../../..] ==> [/usr/lib]
  implicit libs: [gcc;gcc_s;c;gcc;gcc_s]
  implicit dirs: [/usr/lib/gcc/x86_64-pc-linux-gnu/9.2.0;/usr/lib;/lib]
  implicit fwks: []


Determining if the CXX compiler works passed with the following output:
Change Dir: /home/brett/Projects/hidden-markov-model/CMakeFiles/CMakeTmp

Run Build Command(s):/usr/bin/make cmTC_35631/fast && /usr/bin/make -f CMakeFiles/cmTC_35631.dir/build.make CMakeFiles/cmTC_35631.dir/build
make[1]: Entering directory '/home/brett/Projects/hidden-markov-model/CMakeFiles/CMakeTmp'
Building CXX object CMakeFiles/cmTC_35631.dir/testCXXCompiler.cxx.o
/usr/bin/c++     -o CMakeFiles/cmTC_35631.dir/testCXXCompiler.cxx.o -c /home/brett/Projects/hidden-markov-model/CMakeFiles/CMakeTmp/testCXXCompiler.cxx
Linking CXX executable cmTC_35631
/usr/bin/cmake -E cmake_link_script CMakeFiles/cmTC_35631.dir/link.txt --verbose=1
/usr/bin/c++       CMakeFiles/cmTC_35631.dir/testCXXCompiler.cxx.o  -o cmTC_35631 
make[1]: Leaving directory '/home/brett/Projects/hidden-markov-model/CMakeFiles/CMakeTmp'



Detecting CXX compiler ABI info compiled with the following output:
Change Dir: /home/brett/Projects/hidden-markov-model/CMakeFiles/CMakeTmp

Run Build Command(s):/usr/bin/make cmTC_a210b/fast && /usr/bin/make -f CMakeFiles/cmTC_a210b.dir/build.make CMakeFiles/cmTC_a210b.dir/build
make[1]: Entering directory '/home/brett/Projects/hidden-markov-model/CMakeFiles/CMakeTmp'
Building CXX object CMakeFiles/cmTC_a210b.dir/CMakeCXXCompilerABI.cpp.o
/usr/bin/c++    -v -o CMakeFiles/cmTC_a210b.dir/CMakeCXXCompilerABI.cpp.o -c /usr/share/cmake-3.16/Modules/CMakeCXXCompilerABI.cpp
Using built-in specs.
COLLECT_GCC=/usr/bin/c++
Target: x86_64-pc-linux-gnu
Configured with: /build/gcc/src/gcc/configure --prefix=/usr --libdir=/usr/lib --libexecdir=/usr/lib --mandir=/usr/share/man --infodir=/usr/share/info --with-bugurl=https://bugs.archlinux.org/ --enable-languages=c,c++,ada,fortran,go,lto,objc,obj-c++,d --enable-shared --enable-threads=posix --with-system-zlib --with-isl --enable-__cxa_atexit --disable-libunwind-exceptions --enable-clocale=gnu --disable-libstdcxx-pch --disable-libssp --enable-gnu-unique-object --enable-linker-build-id --enable-lto --enable-plugin --enable-install-libiberty --with-linker-hash-style=gnu --enable-gnu-indirect-function --enable-multilib --disable-werror --enable-checking=release --enable-default-pie --enable-default-ssp --enable-cet=auto gdc_include_dir=/usr/include/dlang/gdc
Thread model: posix
gcc version 9.2.0 (GCC) 
COLLECT_GCC_OPTIONS='-v' '-o' 'CMakeFiles/cmTC_a210b.dir/CMakeCXXCompilerABI.cpp.o' '-c' '-shared-libgcc' '-mtune=generic' '-march=x86-64'
 /usr/lib/gcc/x86_64-pc-linux-gnu/9.2.0/cc1plus -quiet -v -D_GNU_SOURCE /usr/share/cmake-3.16/Modules/CMakeCXXCompilerABI.cpp -quiet -dumpbase CMakeCXXCompilerABI.cpp -mtune=generic -march=x86-64 -auxbase-strip CMakeFiles/cmTC_a210b.dir/CMakeCXXCompilerABI.cpp.o -version -o /tmp/ccKGO55j.s
GNU C++14 (GCC) version 9.2.0 (x86_64-pc-linux-gnu)
	compiled by GNU C version 9.2.0, GMP version 6.1.2, MPFR version 4.0.2, MPC version 1.1.0, isl version isl-0.21-GMP

GGC heuristics: --param ggc-min-expand=100 --param ggc-min-heapsize=131072
ignoring nonexistent directory "/usr/lib/gcc/x86_64-pc-linux-gnu/9.2.0/../../../../x86_64-pc-linux-gnu/include"
#include "..." search starts here:
#include <...> search starts here:
 /usr/lib/gcc/x86_64-pc-linux-gnu/9.2.0/../../../../include/c++/9.2.0
 /usr/lib/gcc/x86_64-pc-linux-gnu/9.2.0/../../../../include/c++/9.2.0/x86_64-pc-linux-gnu
 /usr/lib/gcc/x86_64-pc-linux-gnu/9.2.0/../../../../include/c++/9.2.0/backward
 /usr/lib/gcc/x86_64-pc-linux-gnu/9.2.0/include
 /usr/local/include
 /usr/lib/gcc/x86_64-pc-linux-gnu/9.2.0/include-fixed
 /usr/include
End of search list.
GNU C++14 (GCC) version 9.2.0 (x86_64-pc-linux-gnu)
	compiled by GNU C version 9.2.0, GMP version 6.1.2, MPFR version 4.0.2, MPC version 1.1.0, isl version isl-0.21-GMP

GGC heuristics: --param ggc-min-expand=100 --param ggc-min-heapsize=131072
Compiler executable checksum: e70628160ff7c7e477f7d9570e6637cb
COLLECT_GCC_OPTIONS='-v' '-o' 'CMakeFiles/cmTC_a210b.dir/CMakeCXXCompilerABI.cpp.o' '-c' '-shared-libgcc' '-mtune=generic' '-march=x86-64'
 as -v --64 -o CMakeFiles/cmTC_a210b.dir/CMakeCXXCompilerABI.cpp.o /tmp/ccKGO55j.s
GNU assembler version 2.33.1 (x86_64-pc-linux-gnu) using BFD version (GNU Binutils) 2.33.1
COMPILER_PATH=/usr/lib/gcc/x86_64-pc-linux-gnu/9.2.0/:/usr/lib/gcc/x86_64-pc-linux-gnu/9.2.0/:/usr/lib/gcc/x86_64-pc-linux-gnu/:/usr/lib/gcc/x86_64-pc-linux-gnu/9.2.0/:/usr/lib/gcc/x86_64-pc-linux-gnu/
LIBRARY_PATH=/usr/lib/gcc/x86_64-pc-linux-gnu/9.2.0/:/usr/lib/gcc/x86_64-pc-linux-gnu/9.2.0/../../../../lib/:/lib/../lib/:/usr/lib/../lib/:/usr/lib/gcc/x86_64-pc-linux-gnu/9.2.0/../../../:/lib/:/usr/lib/
COLLECT_GCC_OPTIONS='-v' '-o' 'CMakeFiles/cmTC_a210b.dir/CMakeCXXCompilerABI.cpp.o' '-c' '-shared-libgcc' '-mtune=generic' '-march=x86-64'
Linking CXX executable cmTC_a210b
/usr/bin/cmake -E cmake_link_script CMakeFiles/cmTC_a210b.dir/link.txt --verbose=1
/usr/bin/c++      -v CMakeFiles/cmTC_a210b.dir/CMakeCXXCompilerABI.cpp.o  -o cmTC_a210b 
Using built-in specs.
COLLECT_GCC=/usr/bin/c++
COLLECT_LTO_WRAPPER=/usr/lib/gcc/x86_64-pc-linux-gnu/9.2.0/lto-wrapper
Target: x86_64-pc-linux-gnu
Configured with: /build/gcc/src/gcc/configure --prefix=/usr --libdir=/usr/lib --libexecdir=/usr/lib --mandir=/usr/share/man --infodir=/usr/share/info --with-bugurl=https://bugs.archlinux.org/ --enable-languages=c,c++,ada,fortran,go,lto,objc,obj-c++,d --enable-shared --enable-threads=posix --with-system-zlib --with-isl --enable-__cxa_atexit --disable-libunwind-exceptions --enable-clocale=gnu --disable-libstdcxx-pch --disable-libssp --enable-gnu-unique-object --enable-linker-build-id --enable-lto --enable-plugin --enable-install-libiberty --with-linker-hash-style=gnu --enable-gnu-indirect-function --enable-multilib --disable-werror --enable-checking=release --enable-default-pie --enable-default-ssp --enable-cet=auto gdc_include_dir=/usr/include/dlang/gdc
Thread model: posix
gcc version 9.2.0 (GCC) 
COMPILER_PATH=/usr/lib/gcc/x86_64-pc-linux-gnu/9.2.0/:/usr/lib/gcc/x86_64-pc-linux-gnu/9.2.0/:/usr/lib/gcc/x86_64-pc-linux-gnu/:/usr/lib/gcc/x86_64-pc-linux-gnu/9.2.0/:/usr/lib/gcc/x86_64-pc-linux-gnu/
LIBRARY_PATH=/usr/lib/gcc/x86_64-pc-linux-gnu/9.2.0/:/usr/lib/gcc/x86_64-pc-linux-gnu/9.2.0/../../../../lib/:/lib/../lib/:/usr/lib/../lib/:/usr/lib/gcc/x86_64-pc-linux-gnu/9.2.0/../../../:/lib/:/usr/lib/
COLLECT_GCC_OPTIONS='-v' '-o' 'cmTC_a210b' '-shared-libgcc' '-mtune=generic' '-march=x86-64'
 /usr/lib/gcc/x86_64-pc-linux-gnu/9.2.0/collect2 -plugin /usr/lib/gcc/x86_64-pc-linux-gnu/9.2.0/liblto_plugin.so -plugin-opt=/usr/lib/gcc/x86_64-pc-linux-gnu/9.2.0/lto-wrapper -plugin-opt=-fresolution=/tmp/ccBMXRpE.res -plugin-opt=-pass-through=-lgcc_s -plugin-opt=-pass-through=-lgcc -plugin-opt=-pass-through=-lc -plugin-opt=-pass-through=-lgcc_s -plugin-opt=-pass-through=-lgcc --build-id --eh-frame-hdr --hash-style=gnu -m elf_x86_64 -dynamic-linker /lib64/ld-linux-x86-64.so.2 -pie -o cmTC_a210b /usr/lib/gcc/x86_64-pc-linux-gnu/9.2.0/../../../../lib/Scrt1.o /usr/lib/gcc/x86_64-pc-linux-gnu/9.2.0/../../../../lib/crti.o /usr/lib/gcc/x86_64-pc-linux-gnu/9.2.0/crtbeginS.o -L/usr/lib/gcc/x86_64-pc-linux-gnu/9.2.0 -L/usr/lib/gcc/x86_64-pc-linux-gnu/9.2.0/../../../../lib -L/lib/../lib -L/usr/lib/../lib -L/usr/lib/gcc/x86_64-pc-linux-gnu/9.2.0/../../.. CMakeFiles/cmTC_a210b.dir/CMakeCXXCompilerABI.cpp.o -lstdc++ -lm -lgcc_s -lgcc -lc -lgcc_s -lgcc /usr/lib/gcc/x86_64-pc-linux-gnu/9.2.0/crtendS.o /usr/lib/gcc/x86_64-pc-linux-gnu/9.2.0/../../../../lib/crtn.o
COLLECT_GCC_OPTIONS='-v' '-o' 'cmTC_a210b' '-shared-libgcc' '-mtune=generic' '-march=x86-64'
make[1]: Leaving directory '/home/brett/Projects/hidden-markov-model/CMakeFiles/CMakeTmp'



Parsed CXX implicit include dir info from above output: rv=done
  found start of include info
  found start of implicit include info
    add: [/usr/lib/gcc/x86_64-pc-linux-gnu/9.2.0/../../../../include/c++/9.2.0]
    add: [/usr/lib/gcc/x86_64-pc-linux-gnu/9.2.0/../../../../include/c++/9.2.0/x86_64-pc-linux-gnu]
    add: [/usr/lib/gcc/x86_64-pc-linux-gnu/9.2.0/../../../../include/c++/9.2.0/backward]
    add: [/usr/lib/gcc/x86_64-pc-linux-gnu/9.2.0/include]
    add: [/usr/local/include]
    add: [/usr/lib/gcc/x86_64-pc-linux-gnu/9.2.0/include-fixed]
    add: [/usr/include]
  end of search list found
  collapse include dir [/usr/lib/gcc/x86_64-pc-linux-gnu/9.2.0/../../../../include/c++/9.2.0] ==> [/usr/include/c++/9.2.0]
  collapse include dir [/usr/lib/gcc/x86_64-pc-linux-gnu/9.2.0/../../../../include/c++/9.2.0/x86_64-pc-linux-gnu] ==> [/usr/include/c++/9.2.0/x86_64-pc-linux-gnu]
  collapse include dir [/usr/lib/gcc/x86_64-pc-linux-gnu/9.2.0/../../../../include/c++/9.2.0/backward] ==> [/usr/include/c++/9.2.0/backward]
  collapse include dir [/usr/lib/gcc/x86_64-pc-linux-gnu/9.2.0/include] ==> [/usr/lib/gcc/x86_64-pc-linux-gnu/9.2.0/include]
  collapse include dir [/usr/local/include] ==> [/usr/local/include]
  collapse include dir [/usr/lib/gcc/x86_64-pc-linux-gnu/9.2.0/include-fixed] ==> [/usr/lib/gcc/x86_64-pc-linux-gnu/9.2.0/include-fixed]
  collapse include dir [/usr/include] ==> [/usr/include]
  implicit include dirs: [/usr/include/c++/9.2.0;/usr/include/c++/9.2.0/x86_64-pc-linux-gnu;/usr/include/c++/9.2.0/backward;/usr/lib/gcc/x86_64-pc-linux-gnu/9.2.0/include;/usr/local/include;/usr/lib/gcc/x86_64-pc-linux-gnu/9.2.0/include-fixed;/usr/include]


Parsed CXX implicit link information from above output:
  link line regex: [^( *|.*[/\])(ld|CMAKE_LINK_STARTFILE-NOTFOUND|([^/\]+-)?ld|collect2)[^/\]*( |$)]
  ignore line: [Change Dir: /home/brett/Projects/hidden-markov-model/CMakeFiles/CMakeTmp]
  ignore line: []
  ignore line: [Run Build Command(s):/usr/bin/make cmTC_a210b/fast && /usr/bin/make -f CMakeFiles/cmTC_a210b.dir/build.make CMakeFiles/cmTC_a210b.dir/build]
  ignore line: [make[1]: Entering directory '/home/brett/Projects/hidden-markov-model/CMakeFiles/CMakeTmp']
  ignore line: [Building CXX object CMakeFiles/cmTC_a210b.dir/CMakeCXXCompilerABI.cpp.o]
  ignore line: [/usr/bin/c++    -v -o CMakeFiles/cmTC_a210b.dir/CMakeCXXCompilerABI.cpp.o -c /usr/share/cmake-3.16/Modules/CMakeCXXCompilerABI.cpp]
  ignore line: [Using built-in specs.]
  ignore line: [COLLECT_GCC=/usr/bin/c++]
  ignore line: [Target: x86_64-pc-linux-gnu]
  ignore line: [Configured with: /build/gcc/src/gcc/configure --prefix=/usr --libdir=/usr/lib --libexecdir=/usr/lib --mandir=/usr/share/man --infodir=/usr/share/info --with-bugurl=https://bugs.archlinux.org/ --enable-languages=c c++ ada fortran go lto objc obj-c++ d --enable-shared --enable-threads=posix --with-system-zlib --with-isl --enable-__cxa_atexit --disable-libunwind-exceptions --enable-clocale=gnu --disable-libstdcxx-pch --disable-libssp --enable-gnu-unique-object --enable-linker-build-id --enable-lto --enable-plugin --enable-install-libiberty --with-linker-hash-style=gnu --enable-gnu-indirect-function --enable-multilib --disable-werror --enable-checking=release --enable-default-pie --enable-default-ssp --enable-cet=auto gdc_include_dir=/usr/include/dlang/gdc]
  ignore line: [Thread model: posix]
  ignore line: [gcc version 9.2.0 (GCC) ]
  ignore line: [COLLECT_GCC_OPTIONS='-v' '-o' 'CMakeFiles/cmTC_a210b.dir/CMakeCXXCompilerABI.cpp.o' '-c' '-shared-libgcc' '-mtune=generic' '-march=x86-64']
  ignore line: [ /usr/lib/gcc/x86_64-pc-linux-gnu/9.2.0/cc1plus -quiet -v -D_GNU_SOURCE /usr/share/cmake-3.16/Modules/CMakeCXXCompilerABI.cpp -quiet -dumpbase CMakeCXXCompilerABI.cpp -mtune=generic -march=x86-64 -auxbase-strip CMakeFiles/cmTC_a210b.dir/CMakeCXXCompilerABI.cpp.o -version -o /tmp/ccKGO55j.s]
  ignore line: [GNU C++14 (GCC) version 9.2.0 (x86_64-pc-linux-gnu)]
  ignore line: [	compiled by GNU C version 9.2.0  GMP version 6.1.2  MPFR version 4.0.2  MPC version 1.1.0  isl version isl-0.21-GMP]
  ignore line: []
  ignore line: [GGC heuristics: --param ggc-min-expand=100 --param ggc-min-heapsize=131072]
  ignore line: [ignoring nonexistent directory "/usr/lib/gcc/x86_64-pc-linux-gnu/9.2.0/../../../../x86_64-pc-linux-gnu/include"]
  ignore line: [#include "..." search starts here:]
  ignore line: [#include <...> search starts here:]
  ignore line: [ /usr/lib/gcc/x86_64-pc-linux-gnu/9.2.0/../../../../include/c++/9.2.0]
  ignore line: [ /usr/lib/gcc/x86_64-pc-linux-gnu/9.2.0/../../../../include/c++/9.2.0/x86_64-pc-linux-gnu]
  ignore line: [ /usr/lib/gcc/x86_64-pc-linux-gnu/9.2.0/../../../../include/c++/9.2.0/backward]
  ignore line: [ /usr/lib/gcc/x86_64-pc-linux-gnu/9.2.0/include]
  ignore line: [ /usr/local/include]
  ignore line: [ /usr/lib/gcc/x86_64-pc-linux-gnu/9.2.0/include-fixed]
  ignore line: [ /usr/include]
  ignore line: [End of search list.]
  ignore line: [GNU C++14 (GCC) version 9.2.0 (x86_64-pc-linux-gnu)]
  ignore line: [	compiled by GNU C version 9.2.0  GMP version 6.1.2  MPFR version 4.0.2  MPC version 1.1.0  isl version isl-0.21-GMP]
  ignore line: []
  ignore line: [GGC heuristics: --param ggc-min-expand=100 --param ggc-min-heapsize=131072]
  ignore line: [Compiler executable checksum: e70628160ff7c7e477f7d9570e6637cb]
  ignore line: [COLLECT_GCC_OPTIONS='-v' '-o' 'CMakeFiles/cmTC_a210b.dir/CMakeCXXCompilerABI.cpp.o' '-c' '-shared-libgcc' '-mtune=generic' '-march=x86-64']
  ignore line: [ as -v --64 -o CMakeFiles/cmTC_a210b.dir/CMakeCXXCompilerABI.cpp.o /tmp/ccKGO55j.s]
  ignore line: [GNU assembler version 2.33.1 (x86_64-pc-linux-gnu) using BFD version (GNU Binutils) 2.33.1]
  ignore line: [COMPILER_PATH=/usr/lib/gcc/x86_64-pc-linux-gnu/9.2.0/:/usr/lib/gcc/x86_64-pc-linux-gnu/9.2.0/:/usr/lib/gcc/x86_64-pc-linux-gnu/:/usr/lib/gcc/x86_64-pc-linux-gnu/9.2.0/:/usr/lib/gcc/x86_64-pc-linux-gnu/]
  ignore line: [LIBRARY_PATH=/usr/lib/gcc/x86_64-pc-linux-gnu/9.2.0/:/usr/lib/gcc/x86_64-pc-linux-gnu/9.2.0/../../../../lib/:/lib/../lib/:/usr/lib/../lib/:/usr/lib/gcc/x86_64-pc-linux-gnu/9.2.0/../../../:/lib/:/usr/lib/]
  ignore line: [COLLECT_GCC_OPTIONS='-v' '-o' 'CMakeFiles/cmTC_a210b.dir/CMakeCXXCompilerABI.cpp.o' '-c' '-shared-libgcc' '-mtune=generic' '-march=x86-64']
  ignore line: [Linking CXX executable cmTC_a210b]
  ignore line: [/usr/bin/cmake -E cmake_link_script CMakeFiles/cmTC_a210b.dir/link.txt --verbose=1]
  ignore line: [/usr/bin/c++      -v CMakeFiles/cmTC_a210b.dir/CMakeCXXCompilerABI.cpp.o  -o cmTC_a210b ]
  ignore line: [Using built-in specs.]
  ignore line: [COLLECT_GCC=/usr/bin/c++]
  ignore line: [COLLECT_LTO_WRAPPER=/usr/lib/gcc/x86_64-pc-linux-gnu/9.2.0/lto-wrapper]
  ignore line: [Target: x86_64-pc-linux-gnu]
  ignore line: [Configured with: /build/gcc/src/gcc/configure --prefix=/usr --libdir=/usr/lib --libexecdir=/usr/lib --mandir=/usr/share/man --infodir=/usr/share/info --with-bugurl=https://bugs.archlinux.org/ --enable-languages=c c++ ada fortran go lto objc obj-c++ d --enable-shared --enable-threads=posix --with-system-zlib --with-isl --enable-__cxa_atexit --disable-libunwind-exceptions --enable-clocale=gnu --disable-libstdcxx-pch --disable-libssp --enable-gnu-unique-object --enable-linker-build-id --enable-lto --enable-plugin --enable-install-libiberty --with-linker-hash-style=gnu --enable-gnu-indirect-function --enable-multilib --disable-werror --enable-checking=release --enable-default-pie --enable-default-ssp --enable-cet=auto gdc_include_dir=/usr/include/dlang/gdc]
  ignore line: [Thread model: posix]
  ignore line: [gcc version 9.2.0 (GCC) ]
  ignore line: [COMPILER_PATH=/usr/lib/gcc/x86_64-pc-linux-gnu/9.2.0/:/usr/lib/gcc/x86_64-pc-linux-gnu/9.2.0/:/usr/lib/gcc/x86_64-pc-linux-gnu/:/usr/lib/gcc/x86_64-pc-linux-gnu/9.2.0/:/usr/lib/gcc/x86_64-pc-linux-gnu/]
  ignore line: [LIBRARY_PATH=/usr/lib/gcc/x86_64-pc-linux-gnu/9.2.0/:/usr/lib/gcc/x86_64-pc-linux-gnu/9.2.0/../../../../lib/:/lib/../lib/:/usr/lib/../lib/:/usr/lib/gcc/x86_64-pc-linux-gnu/9.2.0/../../../:/lib/:/usr/lib/]
  ignore line: [COLLECT_GCC_OPTIONS='-v' '-o' 'cmTC_a210b' '-shared-libgcc' '-mtune=generic' '-march=x86-64']
  link line: [ /usr/lib/gcc/x86_64-pc-linux-gnu/9.2.0/collect2 -plugin /usr/lib/gcc/x86_64-pc-linux-gnu/9.2.0/liblto_plugin.so -plugin-opt=/usr/lib/gcc/x86_64-pc-linux-gnu/9.2.0/lto-wrapper -plugin-opt=-fresolution=/tmp/ccBMXRpE.res -plugin-opt=-pass-through=-lgcc_s -plugin-opt=-pass-through=-lgcc -plugin-opt=-pass-through=-lc -plugin-opt=-pass-through=-lgcc_s -plugin-opt=-pass-through=-lgcc --build-id --eh-frame-hdr --hash-style=gnu -m elf_x86_64 -dynamic-linker /lib64/ld-linux-x86-64.so.2 -pie -o cmTC_a210b /usr/lib/gcc/x86_64-pc-linux-gnu/9.2.0/../../../../lib/Scrt1.o /usr/lib/gcc/x86_64-pc-linux-gnu/9.2.0/../../../../lib/crti.o /usr/lib/gcc/x86_64-pc-linux-gnu/9.2.0/crtbeginS.o -L/usr/lib/gcc/x86_64-pc-linux-gnu/9.2.0 -L/usr/lib/gcc/x86_64-pc-linux-gnu/9.2.0/../../../../lib -L/lib/../lib -L/usr/lib/../lib -L/usr/lib/gcc/x86_64-pc-linux-gnu/9.2.0/../../.. CMakeFiles/cmTC_a210b.dir/CMakeCXXCompilerABI.cpp.o -lstdc++ -lm -lgcc_s -lgcc -lc -lgcc_s -lgcc /usr/lib/gcc/x86_64-pc-linux-gnu/9.2.0/crtendS.o /usr/lib/gcc/x86_64-pc-linux-gnu/9.2.0/../../../../lib/crtn.o]
    arg [/usr/lib/gcc/x86_64-pc-linux-gnu/9.2.0/collect2] ==> ignore
    arg [-plugin] ==> ignore
    arg [/usr/lib/gcc/x86_64-pc-linux-gnu/9.2.0/liblto_plugin.so] ==> ignore
    arg [-plugin-opt=/usr/lib/gcc/x86_64-pc-linux-gnu/9.2.0/lto-wrapper] ==> ignore
    arg [-plugin-opt=-fresolution=/tmp/ccBMXRpE.res] ==> ignore
    arg [-plugin-opt=-pass-through=-lgcc_s] ==> ignore
    arg [-plugin-opt=-pass-through=-lgcc] ==> ignore
    arg [-plugin-opt=-pass-through=-lc] ==> ignore
    arg [-plugin-opt=-pass-through=-lgcc_s] ==> ignore
    arg [-plugin-opt=-pass-through=-lgcc] ==> ignore
    arg [--build-id] ==> ignore
    arg [--eh-frame-hdr] ==> ignore
    arg [--hash-style=gnu] ==> ignore
    arg [-m] ==> ignore
    arg [elf_x86_64] ==> ignore
    arg [-dynamic-linker] ==> ignore
    arg [/lib64/ld-linux-x86-64.so.2] ==> ignore
    arg [-pie] ==> ignore
    arg [-o] ==> ignore
    arg [cmTC_a210b] ==> ignore
    arg [/usr/lib/gcc/x86_64-pc-linux-gnu/9.2.0/../../../../lib/Scrt1.o] ==> ignore
    arg [/usr/lib/gcc/x86_64-pc-linux-gnu/9.2.0/../../../../lib/crti.o] ==> ignore
    arg [/usr/lib/gcc/x86_64-pc-linux-gnu/9.2.0/crtbeginS.o] ==> ignore
    arg [-L/usr/lib/gcc/x86_64-pc-linux-gnu/9.2.0] ==> dir [/usr/lib/gcc/x86_64-pc-linux-gnu/9.2.0]
    arg [-L/usr/lib/gcc/x86_64-pc-linux-gnu/9.2.0/../../../../lib] ==> dir [/usr/lib/gcc/x86_64-pc-linux-gnu/9.2.0/../../../../lib]
    arg [-L/lib/../lib] ==> dir [/lib/../lib]
    arg [-L/usr/lib/../lib] ==> dir [/usr/lib/../lib]
    arg [-L/usr/lib/gcc/x86_64-pc-linux-gnu/9.2.0/../../..] ==> dir [/usr/lib/gcc/x86_64-pc-linux-gnu/9.2.0/../../..]
    arg [CMakeFiles/cmTC_a210b.dir/CMakeCXXCompilerABI.cpp.o] ==> ignore
    arg [-lstdc++] ==> lib [stdc++]
    arg [-lm] ==> lib [m]
    arg [-lgcc_s] ==> lib [gcc_s]
    arg [-lgcc] ==> lib [gcc]
    arg [-lc] ==> lib [c]
    arg [-lgcc_s] ==> lib [gcc_s]
    arg [-lgcc] ==> lib [gcc]
    arg [/usr/lib/gcc/x86_64-pc-linux-gnu/9.2.0/crtendS.o] ==> ignore
    arg [/usr/lib/gcc/x86_64-pc-linux-gnu/9.2.0/../../../../lib/crtn.o] ==> ignore
  collapse library dir [/usr/lib/gcc/x86_64-pc-linux-gnu/9.2.0] ==> [/usr/lib/gcc/x86_64-pc-linux-gnu/9.2.0]
  collapse library dir [/usr/lib/gcc/x86_64-pc-linux-gnu/9.2.0/../../../../lib] ==> [/usr/lib]
  collapse library dir [/lib/../lib] ==> [/lib]
  collapse library dir [/usr/lib/../lib] ==> [/usr/lib]
  collapse library dir [/usr/lib/gcc/x86_64-pc-linux-gnu/9.2.0/../../..] ==> [/usr/lib]
  implicit libs: [stdc++;m;gcc_s;gcc;c;gcc_s;gcc]
  implicit dirs: [/usr/lib/gcc/x86_64-pc-linux-gnu/9.2.0;/usr/lib;/lib]
  implicit fwks: []


The system is: Linux - 5.5.5-200.fc31.x86_64 - x86_64
Compiling the C compiler identification source file "CMakeCCompilerId.c" succeeded.
Compiler: /usr/bin/cc 
Build flags: 
Id flags:  

The output was:
0


Compilation of the C compiler identification source "CMakeCCompilerId.c" produced "a.out"

The C compiler identification is GNU, found in "/home/brett/Projects/hidden-markov-model/CMakeFiles/3.17.1/CompilerIdC/a.out"

Determining if the C compiler works passed with the following output:
Change Dir: /home/brett/Projects/hidden-markov-model/CMakeFiles/CMakeTmp

Run Build Command(s):/usr/bin/make cmTC_1a044/fast && make[1]: Entering directory '/home/brett/Projects/hidden-markov-model/CMakeFiles/CMakeTmp'
/usr/bin/make  -f CMakeFiles/cmTC_1a044.dir/build.make CMakeFiles/cmTC_1a044.dir/build
make[2]: Entering directory '/home/brett/Projects/hidden-markov-model/CMakeFiles/CMakeTmp'
Building C object CMakeFiles/cmTC_1a044.dir/testCCompiler.c.o
/usr/bin/cc    -o CMakeFiles/cmTC_1a044.dir/testCCompiler.c.o   -c /home/brett/Projects/hidden-markov-model/CMakeFiles/CMakeTmp/testCCompiler.c
Linking C executable cmTC_1a044
/usr/bin/cmake -E cmake_link_script CMakeFiles/cmTC_1a044.dir/link.txt --verbose=1
/usr/bin/cc      CMakeFiles/cmTC_1a044.dir/testCCompiler.c.o  -o cmTC_1a044 
make[2]: Leaving directory '/home/brett/Projects/hidden-markov-model/CMakeFiles/CMakeTmp'
make[1]: Leaving directory '/home/brett/Projects/hidden-markov-model/CMakeFiles/CMakeTmp'



Detecting C compiler ABI info compiled with the following output:
Change Dir: /home/brett/Projects/hidden-markov-model/CMakeFiles/CMakeTmp

Run Build Command(s):/usr/bin/make cmTC_aca5b/fast && make[1]: Entering directory '/home/brett/Projects/hidden-markov-model/CMakeFiles/CMakeTmp'
/usr/bin/make  -f CMakeFiles/cmTC_aca5b.dir/build.make CMakeFiles/cmTC_aca5b.dir/build
make[2]: Entering directory '/home/brett/Projects/hidden-markov-model/CMakeFiles/CMakeTmp'
Building C object CMakeFiles/cmTC_aca5b.dir/CMakeCCompilerABI.c.o
/usr/bin/cc   -v -o CMakeFiles/cmTC_aca5b.dir/CMakeCCompilerABI.c.o   -c /usr/share/cmake/Modules/CMakeCCompilerABI.c
Using built-in specs.
COLLECT_GCC=/usr/bin/cc
OFFLOAD_TARGET_NAMES=nvptx-none
OFFLOAD_TARGET_DEFAULT=1
Target: x86_64-redhat-linux
Configured with: ../configure --enable-bootstrap --enable-languages=c,c++,fortran,objc,obj-c++,ada,go,d,lto --prefix=/usr --mandir=/usr/share/man --infodir=/usr/share/info --with-bugurl=http://bugzilla.redhat.com/bugzilla --enable-shared --enable-threads=posix --enable-checking=release --enable-multilib --with-system-zlib --enable-__cxa_atexit --disable-libunwind-exceptions --enable-gnu-unique-object --enable-linker-build-id --with-gcc-major-version-only --with-linker-hash-style=gnu --enable-plugin --enable-initfini-array --with-isl --enable-offload-targets=nvptx-none --without-cuda-driver --enable-gnu-indirect-function --enable-cet --with-tune=generic --with-arch_32=i686 --build=x86_64-redhat-linux
Thread model: posix
gcc version 9.2.1 20190827 (Red Hat 9.2.1-1) (GCC) 
COLLECT_GCC_OPTIONS='-v' '-o' 'CMakeFiles/cmTC_aca5b.dir/CMakeCCompilerABI.c.o' '-c' '-mtune=generic' '-march=x86-64'
 /usr/libexec/gcc/x86_64-redhat-linux/9/cc1 -quiet -v /usr/share/cmake/Modules/CMakeCCompilerABI.c -quiet -dumpbase CMakeCCompilerABI.c -mtune=generic -march=x86-64 -auxbase-strip CMakeFiles/cmTC_aca5b.dir/CMakeCCompilerABI.c.o -version -o /tmp/cc3Kjn2k.s
GNU C17 (GCC) version 9.2.1 20190827 (Red Hat 9.2.1-1) (x86_64-redhat-linux)
	compiled by GNU C version 9.2.1 20190827 (Red Hat 9.2.1-1), GMP version 6.1.2, MPFR version 3.1.6-p2, MPC version 1.1.0, isl version isl-0.16.1-GMP

GGC heuristics: --param ggc-min-expand=100 --param ggc-min-heapsize=131072
ignoring nonexistent directory "/usr/lib/gcc/x86_64-redhat-linux/9/include-fixed"
ignoring nonexistent directory "/usr/lib/gcc/x86_64-redhat-linux/9/../../../../x86_64-redhat-linux/include"
#include "..." search starts here:
#include <...> search starts here:
 /usr/lib/gcc/x86_64-redhat-linux/9/include
 /usr/local/include
 /usr/include
End of search list.
GNU C17 (GCC) version 9.2.1 20190827 (Red Hat 9.2.1-1) (x86_64-redhat-linux)
	compiled by GNU C version 9.2.1 20190827 (Red Hat 9.2.1-1), GMP version 6.1.2, MPFR version 3.1.6-p2, MPC version 1.1.0, isl version isl-0.16.1-GMP

GGC heuristics: --param ggc-min-expand=100 --param ggc-min-heapsize=131072
Compiler executable checksum: 0e6902e158034d8f60c5405e0210406c
COLLECT_GCC_OPTIONS='-v' '-o' 'CMakeFiles/cmTC_aca5b.dir/CMakeCCompilerABI.c.o' '-c' '-mtune=generic' '-march=x86-64'
 as -v --64 -o CMakeFiles/cmTC_aca5b.dir/CMakeCCompilerABI.c.o /tmp/cc3Kjn2k.s
GNU assembler version 2.32 (x86_64-redhat-linux) using BFD version version 2.32-31.fc31
COMPILER_PATH=/usr/libexec/gcc/x86_64-redhat-linux/9/:/usr/libexec/gcc/x86_64-redhat-linux/9/:/usr/libexec/gcc/x86_64-redhat-linux/:/usr/lib/gcc/x86_64-redhat-linux/9/:/usr/lib/gcc/x86_64-redhat-linux/
LIBRARY_PATH=/usr/lib/gcc/x86_64-redhat-linux/9/:/usr/lib/gcc/x86_64-redhat-linux/9/../../../../lib64/:/lib/../lib64/:/usr/lib/../lib64/:/usr/lib/gcc/x86_64-redhat-linux/9/../../../:/lib/:/usr/lib/
COLLECT_GCC_OPTIONS='-v' '-o' 'CMakeFiles/cmTC_aca5b.dir/CMakeCCompilerABI.c.o' '-c' '-mtune=generic' '-march=x86-64'
Linking C executable cmTC_aca5b
/usr/bin/cmake -E cmake_link_script CMakeFiles/cmTC_aca5b.dir/link.txt --verbose=1
/usr/bin/cc     -v CMakeFiles/cmTC_aca5b.dir/CMakeCCompilerABI.c.o  -o cmTC_aca5b 
Using built-in specs.
COLLECT_GCC=/usr/bin/cc
COLLECT_LTO_WRAPPER=/usr/libexec/gcc/x86_64-redhat-linux/9/lto-wrapper
OFFLOAD_TARGET_NAMES=nvptx-none
OFFLOAD_TARGET_DEFAULT=1
Target: x86_64-redhat-linux
Configured with: ../configure --enable-bootstrap --enable-languages=c,c++,fortran,objc,obj-c++,ada,go,d,lto --prefix=/usr --mandir=/usr/share/man --infodir=/usr/share/info --with-bugurl=http://bugzilla.redhat.com/bugzilla --enable-shared --enable-threads=posix --enable-checking=release --enable-multilib --with-system-zlib --enable-__cxa_atexit --disable-libunwind-exceptions --enable-gnu-unique-object --enable-linker-build-id --with-gcc-major-version-only --with-linker-hash-style=gnu --enable-plugin --enable-initfini-array --with-isl --enable-offload-targets=nvptx-none --without-cuda-driver --enable-gnu-indirect-function --enable-cet --with-tune=generic --with-arch_32=i686 --build=x86_64-redhat-linux
Thread model: posix
gcc version 9.2.1 20190827 (Red Hat 9.2.1-1) (GCC) 
COMPILER_PATH=/usr/libexec/gcc/x86_64-redhat-linux/9/:/usr/libexec/gcc/x86_64-redhat-linux/9/:/usr/libexec/gcc/x86_64-redhat-linux/:/usr/lib/gcc/x86_64-redhat-linux/9/:/usr/lib/gcc/x86_64-redhat-linux/
LIBRARY_PATH=/usr/lib/gcc/x86_64-redhat-linux/9/:/usr/lib/gcc/x86_64-redhat-linux/9/../../../../lib64/:/lib/../lib64/:/usr/lib/../lib64/:/usr/lib/gcc/x86_64-redhat-linux/9/../../../:/lib/:/usr/lib/
COLLECT_GCC_OPTIONS='-v' '-o' 'cmTC_aca5b' '-mtune=generic' '-march=x86-64'
 /usr/libexec/gcc/x86_64-redhat-linux/9/collect2 -plugin /usr/libexec/gcc/x86_64-redhat-linux/9/liblto_plugin.so -plugin-opt=/usr/libexec/gcc/x86_64-redhat-linux/9/lto-wrapper -plugin-opt=-fresolution=/tmp/cc7bHQeH.res -plugin-opt=-pass-through=-lgcc -plugin-opt=-pass-through=-lgcc_s -plugin-opt=-pass-through=-lc -plugin-opt=-pass-through=-lgcc -plugin-opt=-pass-through=-lgcc_s --build-id --no-add-needed --eh-frame-hdr --hash-style=gnu -m elf_x86_64 -dynamic-linker /lib64/ld-linux-x86-64.so.2 -o cmTC_aca5b /usr/lib/gcc/x86_64-redhat-linux/9/../../../../lib64/crt1.o /usr/lib/gcc/x86_64-redhat-linux/9/../../../../lib64/crti.o /usr/lib/gcc/x86_64-redhat-linux/9/crtbegin.o -L/usr/lib/gcc/x86_64-redhat-linux/9 -L/usr/lib/gcc/x86_64-redhat-linux/9/../../../../lib64 -L/lib/../lib64 -L/usr/lib/../lib64 -L/usr/lib/gcc/x86_64-redhat-linux/9/../../.. CMakeFiles/cmTC_aca5b.dir/CMakeCCompilerABI.c.o -lgcc --push-state --as-needed -lgcc_s --pop-state -lc -lgcc --push-state --as-needed -lgcc_s --pop-state /usr/lib/gcc/x86_64-redhat-linux/9/crtend.o /usr/lib/gcc/x86_64-redhat-linux/9/../../../../lib64/crtn.o
COLLECT_GCC_OPTIONS='-v' '-o' 'cmTC_aca5b' '-mtune=generic' '-march=x86-64'
make[2]: Leaving directory '/home/brett/Projects/hidden-markov-model/CMakeFiles/CMakeTmp'
make[1]: Leaving directory '/home/brett/Projects/hidden-markov-model/CMakeFiles/CMakeTmp'



Parsed C implicit include dir info from above output: rv=done
  found start of include info
  found start of implicit include info
    add: [/usr/lib/gcc/x86_64-redhat-linux/9/include]
    add: [/usr/local/include]
    add: [/usr/include]
  end of search list found
  collapse include dir [/usr/lib/gcc/x86_64-redhat-linux/9/include] ==> [/usr/lib/gcc/x86_64-redhat-linux/9/include]
  collapse include dir [/usr/local/include] ==> [/usr/local/include]
  collapse include dir [/usr/include] ==> [/usr/include]
  implicit include dirs: [/usr/lib/gcc/x86_64-redhat-linux/9/include;/usr/local/include;/usr/include]


Parsed C implicit link information from above output:
  link line regex: [^( *|.*[/\])(ld|CMAKE_LINK_STARTFILE-NOTFOUND|([^/\]+-)?ld|collect2)[^/\]*( |$)]
  ignore line: [Change Dir: /home/brett/Projects/hidden-markov-model/CMakeFiles/CMakeTmp]
  ignore line: []
  ignore line: [Run Build Command(s):/usr/bin/make cmTC_aca5b/fast && make[1]: Entering directory '/home/brett/Projects/hidden-markov-model/CMakeFiles/CMakeTmp']
  ignore line: [/usr/bin/make  -f CMakeFiles/cmTC_aca5b.dir/build.make CMakeFiles/cmTC_aca5b.dir/build]
  ignore line: [make[2]: Entering directory '/home/brett/Projects/hidden-markov-model/CMakeFiles/CMakeTmp']
  ignore line: [Building C object CMakeFiles/cmTC_aca5b.dir/CMakeCCompilerABI.c.o]
  ignore line: [/usr/bin/cc   -v -o CMakeFiles/cmTC_aca5b.dir/CMakeCCompilerABI.c.o   -c /usr/share/cmake/Modules/CMakeCCompilerABI.c]
  ignore line: [Using built-in specs.]
  ignore line: [COLLECT_GCC=/usr/bin/cc]
  ignore line: [OFFLOAD_TARGET_NAMES=nvptx-none]
  ignore line: [OFFLOAD_TARGET_DEFAULT=1]
  ignore line: [Target: x86_64-redhat-linux]
  ignore line: [Configured with: ../configure --enable-bootstrap --enable-languages=c c++ fortran objc obj-c++ ada go d lto --prefix=/usr --mandir=/usr/share/man --infodir=/usr/share/info --with-bugurl=http://bugzilla.redhat.com/bugzilla --enable-shared --enable-threads=posix --enable-checking=release --enable-multilib --with-system-zlib --enable-__cxa_atexit --disable-libunwind-exceptions --enable-gnu-unique-object --enable-linker-build-id --with-gcc-major-version-only --with-linker-hash-style=gnu --enable-plugin --enable-initfini-array --with-isl --enable-offload-targets=nvptx-none --without-cuda-driver --enable-gnu-indirect-function --enable-cet --with-tune=generic --with-arch_32=i686 --build=x86_64-redhat-linux]
  ignore line: [Thread model: posix]
  ignore line: [gcc version 9.2.1 20190827 (Red Hat 9.2.1-1) (GCC) ]
  ignore line: [COLLECT_GCC_OPTIONS='-v' '-o' 'CMakeFiles/cmTC_aca5b.dir/CMakeCCompilerABI.c.o' '-c' '-mtune=generic' '-march=x86-64']
  ignore line: [ /usr/libexec/gcc/x86_64-redhat-linux/9/cc1 -quiet -v /usr/share/cmake/Modules/CMakeCCompilerABI.c -quiet -dumpbase CMakeCCompilerABI.c -mtune=generic -march=x86-64 -auxbase-strip CMakeFiles/cmTC_aca5b.dir/CMakeCCompilerABI.c.o -version -o /tmp/cc3Kjn2k.s]
  ignore line: [GNU C17 (GCC) version 9.2.1 20190827 (Red Hat 9.2.1-1) (x86_64-redhat-linux)]
  ignore line: [	compiled by GNU C version 9.2.1 20190827 (Red Hat 9.2.1-1)  GMP version 6.1.2  MPFR version 3.1.6-p2  MPC version 1.1.0  isl version isl-0.16.1-GMP]
  ignore line: []
  ignore line: [GGC heuristics: --param ggc-min-expand=100 --param ggc-min-heapsize=131072]
  ignore line: [ignoring nonexistent directory "/usr/lib/gcc/x86_64-redhat-linux/9/include-fixed"]
  ignore line: [ignoring nonexistent directory "/usr/lib/gcc/x86_64-redhat-linux/9/../../../../x86_64-redhat-linux/include"]
  ignore line: [#include "..." search starts here:]
  ignore line: [#include <...> search starts here:]
  ignore line: [ /usr/lib/gcc/x86_64-redhat-linux/9/include]
  ignore line: [ /usr/local/include]
  ignore line: [ /usr/include]
  ignore line: [End of search list.]
  ignore line: [GNU C17 (GCC) version 9.2.1 20190827 (Red Hat 9.2.1-1) (x86_64-redhat-linux)]
  ignore line: [	compiled by GNU C version 9.2.1 20190827 (Red Hat 9.2.1-1)  GMP version 6.1.2  MPFR version 3.1.6-p2  MPC version 1.1.0  isl version isl-0.16.1-GMP]
  ignore line: []
  ignore line: [GGC heuristics: --param ggc-min-expand=100 --param ggc-min-heapsize=131072]
  ignore line: [Compiler executable checksum: 0e6902e158034d8f60c5405e0210406c]
  ignore line: [COLLECT_GCC_OPTIONS='-v' '-o' 'CMakeFiles/cmTC_aca5b.dir/CMakeCCompilerABI.c.o' '-c' '-mtune=generic' '-march=x86-64']
  ignore line: [ as -v --64 -o CMakeFiles/cmTC_aca5b.dir/CMakeCCompilerABI.c.o /tmp/cc3Kjn2k.s]
  ignore line: [GNU assembler version 2.32 (x86_64-redhat-linux) using BFD version version 2.32-31.fc31]
  ignore line: [COMPILER_PATH=/usr/libexec/gcc/x86_64-redhat-linux/9/:/usr/libexec/gcc/x86_64-redhat-linux/9/:/usr/libexec/gcc/x86_64-redhat-linux/:/usr/lib/gcc/x86_64-redhat-linux/9/:/usr/lib/gcc/x86_64-redhat-linux/]
  ignore line: [LIBRARY_PATH=/usr/lib/gcc/x86_64-redhat-linux/9/:/usr/lib/gcc/x86_64-redhat-linux/9/../../../../lib64/:/lib/../lib64/:/usr/lib/../lib64/:/usr/lib/gcc/x86_64-redhat-linux/9/../../../:/lib/:/usr/lib/]
  ignore line: [COLLECT_GCC_OPTIONS='-v' '-o' 'CMakeFiles/cmTC_aca5b.dir/CMakeCCompilerABI.c.o' '-c' '-mtune=generic' '-march=x86-64']
  ignore line: [Linking C executable cmTC_aca5b]
  ignore line: [/usr/bin/cmake -E cmake_link_script CMakeFiles/cmTC_aca5b.dir/link.txt --verbose=1]
  ignore line: [/usr/bin/cc     -v CMakeFiles/cmTC_aca5b.dir/CMakeCCompilerABI.c.o  -o cmTC_aca5b ]
  ignore line: [Using built-in specs.]
  ignore line: [COLLECT_GCC=/usr/bin/cc]
  ignore line: [COLLECT_LTO_WRAPPER=/usr/libexec/gcc/x86_64-redhat-linux/9/lto-wrapper]
  ignore line: [OFFLOAD_TARGET_NAMES=nvptx-none]
  ignore line: [OFFLOAD_TARGET_DEFAULT=1]
  ignore line: [Target: x86_64-redhat-linux]
  ignore line: [Configured with: ../configure --enable-bootstrap --enable-languages=c c++ fortran objc obj-c++ ada go d lto --prefix=/usr --mandir=/usr/share/man --infodir=/usr/share/info --with-bugurl=http://bugzilla.redhat.com/bugzilla --enable-shared --enable-threads=posix --enable-checking=release --enable-multilib --with-system-zlib --enable-__cxa_atexit --disable-libunwind-exceptions --enable-gnu-unique-object --enable-linker-build-id --with-gcc-major-version-only --with-linker-hash-style=gnu --enable-plugin --enable-initfini-array --with-isl --enable-offload-targets=nvptx-none --without-cuda-driver --enable-gnu-indirect-function --enable-cet --with-tune=generic --with-arch_32=i686 --build=x86_64-redhat-linux]
  ignore line: [Thread model: posix]
  ignore line: [gcc version 9.2.1 20190827 (Red Hat 9.2.1-1) (GCC) ]
  ignore line: [COMPILER_PATH=/usr/libexec/gcc/x86_64-redhat-linux/9/:/usr/libexec/gcc/x86_64-redhat-linux/9/:/usr/libexec/gcc/x86_64-redhat-linux/:/usr/lib/gcc/x86_64-redhat-linux/9/:/usr/lib/gcc/x86_64-redhat-linux/]
  ignore line: [LIBRARY_PATH=/usr/lib/gcc/x86_64-redhat-linux/9/:/usr/lib/gcc/x86_64-redhat-linux/9/../../../../lib64/:/lib/../lib64/:/usr/lib/../lib64/:/usr/lib/gcc/x86_64-redhat-linux/9/../../../:/lib/:/usr/lib/]
  ignore line: [COLLECT_GCC_OPTIONS='-v' '-o' 'cmTC_aca5b' '-mtune=generic' '-march=x86-64']
  link line: [ /usr/libexec/gcc/x86_64-redhat-linux/9/collect2 -plugin /usr/libexec/gcc/x86_64-redhat-linux/9/liblto_plugin.so -plugin-opt=/usr/libexec/gcc/x86_64-redhat-linux/9/lto-wrapper -plugin-opt=-fresolution=/tmp/cc7bHQeH.res -plugin-opt=-pass-through=-lgcc -plugin-opt=-pass-through=-lgcc_s -plugin-opt=-pass-through=-lc -plugin-opt=-pass-through=-lgcc -plugin-opt=-pass-through=-lgcc_s --build-id --no-add-needed --eh-frame-hdr --hash-style=gnu -m elf_x86_64 -dynamic-linker /lib64/ld-linux-x86-64.so.2 -o cmTC_aca5b /usr/lib/gcc/x86_64-redhat-linux/9/../../../../lib64/crt1.o /usr/lib/gcc/x86_64-redhat-linux/9/../../../../lib64/crti.o /usr/lib/gcc/x86_64-redhat-linux/9/crtbegin.o -L/usr/lib/gcc/x86_64-redhat-linux/9 -L/usr/lib/gcc/x86_64-redhat-linux/9/../../../../lib64 -L/lib/../lib64 -L/usr/lib/../lib64 -L/usr/lib/gcc/x86_64-redhat-linux/9/../../.. CMakeFiles/cmTC_aca5b.dir/CMakeCCompilerABI.c.o -lgcc --push-state --as-needed -lgcc_s --pop-state -lc -lgcc --push-state --as-needed -lgcc_s --pop-state /usr/lib/gcc/x86_64-redhat-linux/9/crtend.o /usr/lib/gcc/x86_64-redhat-linux/9/../../../../lib64/crtn.o]
    arg [/usr/libexec/gcc/x86_64-redhat-linux/9/collect2] ==> ignore
    arg [-plugin] ==> ignore
    arg [/usr/libexec/gcc/x86_64-redhat-linux/9/liblto_plugin.so] ==> ignore
    arg [-plugin-opt=/usr/libexec/gcc/x86_64-redhat-linux/9/lto-wrapper] ==> ignore
    arg [-plugin-opt=-fresolution=/tmp/cc7bHQeH.res] ==> ignore
    arg [-plugin-opt=-pass-through=-lgcc] ==> ignore
    arg [-plugin-opt=-pass-through=-lgcc_s] ==> ignore
    arg [-plugin-opt=-pass-through=-lc] ==> ignore
    arg [-plugin-opt=-pass-through=-lgcc] ==> ignore
    arg [-plugin-opt=-pass-through=-lgcc_s] ==> ignore
    arg [--build-id] ==> ignore
    arg [--no-add-needed] ==> ignore
    arg [--eh-frame-hdr] ==> ignore
    arg [--hash-style=gnu] ==> ignore
    arg [-m] ==> ignore
    arg [elf_x86_64] ==> ignore
    arg [-dynamic-linker] ==> ignore
    arg [/lib64/ld-linux-x86-64.so.2] ==> ignore
    arg [-o] ==> ignore
    arg [cmTC_aca5b] ==> ignore
    arg [/usr/lib/gcc/x86_64-redhat-linux/9/../../../../lib64/crt1.o] ==> ignore
    arg [/usr/lib/gcc/x86_64-redhat-linux/9/../../../../lib64/crti.o] ==> ignore
    arg [/usr/lib/gcc/x86_64-redhat-linux/9/crtbegin.o] ==> ignore
    arg [-L/usr/lib/gcc/x86_64-redhat-linux/9] ==> dir [/usr/lib/gcc/x86_64-redhat-linux/9]
    arg [-L/usr/lib/gcc/x86_64-redhat-linux/9/../../../../lib64] ==> dir [/usr/lib/gcc/x86_64-redhat-linux/9/../../../../lib64]
    arg [-L/lib/../lib64] ==> dir [/lib/../lib64]
    arg [-L/usr/lib/../lib64] ==> dir [/usr/lib/../lib64]
    arg [-L/usr/lib/gcc/x86_64-redhat-linux/9/../../..] ==> dir [/usr/lib/gcc/x86_64-redhat-linux/9/../../..]
    arg [CMakeFiles/cmTC_aca5b.dir/CMakeCCompilerABI.c.o] ==> ignore
    arg [-lgcc] ==> lib [gcc]
    arg [--push-state] ==> ignore
    arg [--as-needed] ==> ignore
    arg [-lgcc_s] ==> lib [gcc_s]
    arg [--pop-state] ==> ignore
    arg [-lc] ==> lib [c]
    arg [-lgcc] ==> lib [gcc]
    arg [--push-state] ==> ignore
    arg [--as-needed] ==> ignore
    arg [-lgcc_s] ==> lib [gcc_s]
    arg [--pop-state] ==> ignore
    arg [/usr/lib/gcc/x86_64-redhat-linux/9/crtend.o] ==> ignore
    arg [/usr/lib/gcc/x86_64-redhat-linux/9/../../../../lib64/crtn.o] ==> ignore
  collapse library dir [/usr/lib/gcc/x86_64-redhat-linux/9] ==> [/usr/lib/gcc/x86_64-redhat-linux/9]
  collapse library dir [/usr/lib/gcc/x86_64-redhat-linux/9/../../../../lib64] ==> [/usr/lib64]
  collapse library dir [/lib/../lib64] ==> [/lib64]
  collapse library dir [/usr/lib/../lib64] ==> [/usr/lib64]
  collapse library dir [/usr/lib/gcc/x86_64-redhat-linux/9/../../..] ==> [/usr/lib]
  implicit libs: [gcc;gcc_s;c;gcc;gcc_s]
  implicit dirs: [/usr/lib/gcc/x86_64-redhat-linux/9;/usr/lib64;/lib64;/usr/lib]
  implicit fwks: []


Compiling the CXX compiler identification source file "CMakeCXXCompilerId.cpp" succeeded.
Compiler: /usr/bin/c++ 
Build flags: 
Id flags:  

The output was:
0


Compilation of the CXX compiler identification source "CMakeCXXCompilerId.cpp" produced "a.out"

The CXX compiler identification is GNU, found in "/home/brett/Projects/hidden-markov-model/CMakeFiles/3.17.1/CompilerIdCXX/a.out"

Determining if the CXX compiler works passed with the following output:
Change Dir: /home/brett/Projects/hidden-markov-model/CMakeFiles/CMakeTmp

Run Build Command(s):/usr/bin/make cmTC_2d170/fast && make[1]: Entering directory '/home/brett/Projects/hidden-markov-model/CMakeFiles/CMakeTmp'
/usr/bin/make  -f CMakeFiles/cmTC_2d170.dir/build.make CMakeFiles/cmTC_2d170.dir/build
make[2]: Entering directory '/home/brett/Projects/hidden-markov-model/CMakeFiles/CMakeTmp'
Building CXX object CMakeFiles/cmTC_2d170.dir/testCXXCompiler.cxx.o
/usr/bin/c++     -o CMakeFiles/cmTC_2d170.dir/testCXXCompiler.cxx.o -c /home/brett/Projects/hidden-markov-model/CMakeFiles/CMakeTmp/testCXXCompiler.cxx
Linking CXX executable cmTC_2d170
/usr/bin/cmake -E cmake_link_script CMakeFiles/cmTC_2d170.dir/link.txt --verbose=1
/usr/bin/c++       CMakeFiles/cmTC_2d170.dir/testCXXCompiler.cxx.o  -o cmTC_2d170 
make[2]: Leaving directory '/home/brett/Projects/hidden-markov-model/CMakeFiles/CMakeTmp'
make[1]: Leaving directory '/home/brett/Projects/hidden-markov-model/CMakeFiles/CMakeTmp'



Detecting CXX compiler ABI info compiled with the following output:
Change Dir: /home/brett/Projects/hidden-markov-model/CMakeFiles/CMakeTmp

Run Build Command(s):/usr/bin/make cmTC_0f1fd/fast && make[1]: Entering directory '/home/brett/Projects/hidden-markov-model/CMakeFiles/CMakeTmp'
/usr/bin/make  -f CMakeFiles/cmTC_0f1fd.dir/build.make CMakeFiles/cmTC_0f1fd.dir/build
make[2]: Entering directory '/home/brett/Projects/hidden-markov-model/CMakeFiles/CMakeTmp'
Building CXX object CMakeFiles/cmTC_0f1fd.dir/CMakeCXXCompilerABI.cpp.o
/usr/bin/c++    -v -o CMakeFiles/cmTC_0f1fd.dir/CMakeCXXCompilerABI.cpp.o -c /usr/share/cmake/Modules/CMakeCXXCompilerABI.cpp
Using built-in specs.
COLLECT_GCC=/usr/bin/c++
OFFLOAD_TARGET_NAMES=nvptx-none
OFFLOAD_TARGET_DEFAULT=1
Target: x86_64-redhat-linux
Configured with: ../configure --enable-bootstrap --enable-languages=c,c++,fortran,objc,obj-c++,ada,go,d,lto --prefix=/usr --mandir=/usr/share/man --infodir=/usr/share/info --with-bugurl=http://bugzilla.redhat.com/bugzilla --enable-shared --enable-threads=posix --enable-checking=release --enable-multilib --with-system-zlib --enable-__cxa_atexit --disable-libunwind-exceptions --enable-gnu-unique-object --enable-linker-build-id --with-gcc-major-version-only --with-linker-hash-style=gnu --enable-plugin --enable-initfini-array --with-isl --enable-offload-targets=nvptx-none --without-cuda-driver --enable-gnu-indirect-function --enable-cet --with-tune=generic --with-arch_32=i686 --build=x86_64-redhat-linux
Thread model: posix
gcc version 9.2.1 20190827 (Red Hat 9.2.1-1) (GCC) 
COLLECT_GCC_OPTIONS='-v' '-o' 'CMakeFiles/cmTC_0f1fd.dir/CMakeCXXCompilerABI.cpp.o' '-c' '-shared-libgcc' '-mtune=generic' '-march=x86-64'
 /usr/libexec/gcc/x86_64-redhat-linux/9/cc1plus -quiet -v -D_GNU_SOURCE /usr/share/cmake/Modules/CMakeCXXCompilerABI.cpp -quiet -dumpbase CMakeCXXCompilerABI.cpp -mtune=generic -march=x86-64 -auxbase-strip CMakeFiles/cmTC_0f1fd.dir/CMakeCXXCompilerABI.cpp.o -version -o /tmp/cc45yKLz.s
GNU C++14 (GCC) version 9.2.1 20190827 (Red Hat 9.2.1-1) (x86_64-redhat-linux)
	compiled by GNU C version 9.2.1 20190827 (Red Hat 9.2.1-1), GMP version 6.1.2, MPFR version 3.1.6-p2, MPC version 1.1.0, isl version isl-0.16.1-GMP

GGC heuristics: --param ggc-min-expand=100 --param ggc-min-heapsize=131072
ignoring nonexistent directory "/usr/lib/gcc/x86_64-redhat-linux/9/include-fixed"
ignoring nonexistent directory "/usr/lib/gcc/x86_64-redhat-linux/9/../../../../x86_64-redhat-linux/include"
#include "..." search starts here:
#include <...> search starts here:
 /usr/lib/gcc/x86_64-redhat-linux/9/../../../../include/c++/9
 /usr/lib/gcc/x86_64-redhat-linux/9/../../../../include/c++/9/x86_64-redhat-linux
 /usr/lib/gcc/x86_64-redhat-linux/9/../../../../include/c++/9/backward
 /usr/lib/gcc/x86_64-redhat-linux/9/include
 /usr/local/include
 /usr/include
End of search list.
GNU C++14 (GCC) version 9.2.1 20190827 (Red Hat 9.2.1-1) (x86_64-redhat-linux)
	compiled by GNU C version 9.2.1 20190827 (Red Hat 9.2.1-1), GMP version 6.1.2, MPFR version 3.1.6-p2, MPC version 1.1.0, isl version isl-0.16.1-GMP

GGC heuristics: --param ggc-min-expand=100 --param ggc-min-heapsize=131072
Compiler executable checksum: e744c1ccb033a349fe1a30f2c2a7c8d0
COLLECT_GCC_OPTIONS='-v' '-o' 'CMakeFiles/cmTC_0f1fd.dir/CMakeCXXCompilerABI.cpp.o' '-c' '-shared-libgcc' '-mtune=generic' '-march=x86-64'
 as -v --64 -o CMakeFiles/cmTC_0f1fd.dir/CMakeCXXCompilerABI.cpp.o /tmp/cc45yKLz.s
GNU assembler version 2.32 (x86_64-redhat-linux) using BFD version version 2.32-31.fc31
COMPILER_PATH=/usr/libexec/gcc/x86_64-redhat-linux/9/:/usr/libexec/gcc/x86_64-redhat-linux/9/:/usr/libexec/gcc/x86_64-redhat-linux/:/usr/lib/gcc/x86_64-redhat-linux/9/:/usr/lib/gcc/x86_64-redhat-linux/
LIBRARY_PATH=/usr/lib/gcc/x86_64-redhat-linux/9/:/usr/lib/gcc/x86_64-redhat-linux/9/../../../../lib64/:/lib/../lib64/:/usr/lib/../lib64/:/usr/lib/gcc/x86_64-redhat-linux/9/../../../:/lib/:/usr/lib/
COLLECT_GCC_OPTIONS='-v' '-o' 'CMakeFiles/cmTC_0f1fd.dir/CMakeCXXCompilerABI.cpp.o' '-c' '-shared-libgcc' '-mtune=generic' '-march=x86-64'
Linking CXX executable cmTC_0f1fd
/usr/bin/cmake -E cmake_link_script CMakeFiles/cmTC_0f1fd.dir/link.txt --verbose=1
/usr/bin/c++      -v CMakeFiles/cmTC_0f1fd.dir/CMakeCXXCompilerABI.cpp.o  -o cmTC_0f1fd 
Using built-in specs.
COLLECT_GCC=/usr/bin/c++
COLLECT_LTO_WRAPPER=/usr/libexec/gcc/x86_64-redhat-linux/9/lto-wrapper
OFFLOAD_TARGET_NAMES=nvptx-none
OFFLOAD_TARGET_DEFAULT=1
Target: x86_64-redhat-linux
Configured with: ../configure --enable-bootstrap --enable-languages=c,c++,fortran,objc,obj-c++,ada,go,d,lto --prefix=/usr --mandir=/usr/share/man --infodir=/usr/share/info --with-bugurl=http://bugzilla.redhat.com/bugzilla --enable-shared --enable-threads=posix --enable-checking=release --enable-multilib --with-system-zlib --enable-__cxa_atexit --disable-libunwind-exceptions --enable-gnu-unique-object --enable-linker-build-id --with-gcc-major-version-only --with-linker-hash-style=gnu --enable-plugin --enable-initfini-array --with-isl --enable-offload-targets=nvptx-none --without-cuda-driver --enable-gnu-indirect-function --enable-cet --with-tune=generic --with-arch_32=i686 --build=x86_64-redhat-linux
Thread model: posix
gcc version 9.2.1 20190827 (Red Hat 9.2.1-1) (GCC) 
COMPILER_PATH=/usr/libexec/gcc/x86_64-redhat-linux/9/:/usr/libexec/gcc/x86_64-redhat-linux/9/:/usr/libexec/gcc/x86_64-redhat-linux/:/usr/lib/gcc/x86_64-redhat-linux/9/:/usr/lib/gcc/x86_64-redhat-linux/
LIBRARY_PATH=/usr/lib/gcc/x86_64-redhat-linux/9/:/usr/lib/gcc/x86_64-redhat-linux/9/../../../../lib64/:/lib/../lib64/:/usr/lib/../lib64/:/usr/lib/gcc/x86_64-redhat-linux/9/../../../:/lib/:/usr/lib/
COLLECT_GCC_OPTIONS='-v' '-o' 'cmTC_0f1fd' '-shared-libgcc' '-mtune=generic' '-march=x86-64'
 /usr/libexec/gcc/x86_64-redhat-linux/9/collect2 -plugin /usr/libexec/gcc/x86_64-redhat-linux/9/liblto_plugin.so -plugin-opt=/usr/libexec/gcc/x86_64-redhat-linux/9/lto-wrapper -plugin-opt=-fresolution=/tmp/ccR4MsMV.res -plugin-opt=-pass-through=-lgcc_s -plugin-opt=-pass-through=-lgcc -plugin-opt=-pass-through=-lc -plugin-opt=-pass-through=-lgcc_s -plugin-opt=-pass-through=-lgcc --build-id --no-add-needed --eh-frame-hdr --hash-style=gnu -m elf_x86_64 -dynamic-linker /lib64/ld-linux-x86-64.so.2 -o cmTC_0f1fd /usr/lib/gcc/x86_64-redhat-linux/9/../../../../lib64/crt1.o /usr/lib/gcc/x86_64-redhat-linux/9/../../../../lib64/crti.o /usr/lib/gcc/x86_64-redhat-linux/9/crtbegin.o -L/usr/lib/gcc/x86_64-redhat-linux/9 -L/usr/lib/gcc/x86_64-redhat-linux/9/../../../../lib64 -L/lib/../lib64 -L/usr/lib/../lib64 -L/usr/lib/gcc/x86_64-redhat-linux/9/../../.. CMakeFiles/cmTC_0f1fd.dir/CMakeCXXCompilerABI.cpp.o -lstdc++ -lm -lgcc_s -lgcc -lc -lgcc_s -lgcc /usr/lib/gcc/x86_64-redhat-linux/9/crtend.o /usr/lib/gcc/x86_64-redhat-linux/9/../../../../lib64/crtn.o
COLLECT_GCC_OPTIONS='-v' '-o' 'cmTC_0f1fd' '-shared-libgcc' '-mtune=generic' '-march=x86-64'
make[2]: Leaving directory '/home/brett/Projects/hidden-markov-model/CMakeFiles/CMakeTmp'
make[1]: Leaving directory '/home/brett/Projects/hidden-markov-model/CMakeFiles/CMakeTmp'



Parsed CXX implicit include dir info from above output: rv=done
  found start of include info
  found start of implicit include info
    add: [/usr/lib/gcc/x86_64-redhat-linux/9/../../../../include/c++/9]
    add: [/usr/lib/gcc/x86_64-redhat-linux/9/../../../../include/c++/9/x86_64-redhat-linux]
    add: [/usr/lib/gcc/x86_64-redhat-linux/9/../../../../include/c++/9/backward]
    add: [/usr/lib/gcc/x86_64-redhat-linux/9/include]
    add: [/usr/local/include]
    add: [/usr/include]
  end of search list found
  collapse include dir [/usr/lib/gcc/x86_64-redhat-linux/9/../../../../include/c++/9] ==> [/usr/include/c++/9]
  collapse include dir [/usr/lib/gcc/x86_64-redhat-linux/9/../../../../include/c++/9/x86_64-redhat-linux] ==> [/usr/include/c++/9/x86_64-redhat-linux]
  collapse include dir [/usr/lib/gcc/x86_64-redhat-linux/9/../../../../include/c++/9/backward] ==> [/usr/include/c++/9/backward]
  collapse include dir [/usr/lib/gcc/x86_64-redhat-linux/9/include] ==> [/usr/lib/gcc/x86_64-redhat-linux/9/include]
  collapse include dir [/usr/local/include] ==> [/usr/local/include]
  collapse include dir [/usr/include] ==> [/usr/include]
  implicit include dirs: [/usr/include/c++/9;/usr/include/c++/9/x86_64-redhat-linux;/usr/include/c++/9/backward;/usr/lib/gcc/x86_64-redhat-linux/9/include;/usr/local/include;/usr/include]


Parsed CXX implicit link information from above output:
  link line regex: [^( *|.*[/\])(ld|CMAKE_LINK_STARTFILE-NOTFOUND|([^/\]+-)?ld|collect2)[^/\]*( |$)]
  ignore line: [Change Dir: /home/brett/Projects/hidden-markov-model/CMakeFiles/CMakeTmp]
  ignore line: []
  ignore line: [Run Build Command(s):/usr/bin/make cmTC_0f1fd/fast && make[1]: Entering directory '/home/brett/Projects/hidden-markov-model/CMakeFiles/CMakeTmp']
  ignore line: [/usr/bin/make  -f CMakeFiles/cmTC_0f1fd.dir/build.make CMakeFiles/cmTC_0f1fd.dir/build]
  ignore line: [make[2]: Entering directory '/home/brett/Projects/hidden-markov-model/CMakeFiles/CMakeTmp']
  ignore line: [Building CXX object CMakeFiles/cmTC_0f1fd.dir/CMakeCXXCompilerABI.cpp.o]
  ignore line: [/usr/bin/c++    -v -o CMakeFiles/cmTC_0f1fd.dir/CMakeCXXCompilerABI.cpp.o -c /usr/share/cmake/Modules/CMakeCXXCompilerABI.cpp]
  ignore line: [Using built-in specs.]
  ignore line: [COLLECT_GCC=/usr/bin/c++]
  ignore line: [OFFLOAD_TARGET_NAMES=nvptx-none]
  ignore line: [OFFLOAD_TARGET_DEFAULT=1]
  ignore line: [Target: x86_64-redhat-linux]
  ignore line: [Configured with: ../configure --enable-bootstrap --enable-languages=c c++ fortran objc obj-c++ ada go d lto --prefix=/usr --mandir=/usr/share/man --infodir=/usr/share/info --with-bugurl=http://bugzilla.redhat.com/bugzilla --enable-shared --enable-threads=posix --enable-checking=release --enable-multilib --with-system-zlib --enable-__cxa_atexit --disable-libunwind-exceptions --enable-gnu-unique-object --enable-linker-build-id --with-gcc-major-version-only --with-linker-hash-style=gnu --enable-plugin --enable-initfini-array --with-isl --enable-offload-targets=nvptx-none --without-cuda-driver --enable-gnu-indirect-function --enable-cet --with-tune=generic --with-arch_32=i686 --build=x86_64-redhat-linux]
  ignore line: [Thread model: posix]
  ignore line: [gcc version 9.2.1 20190827 (Red Hat 9.2.1-1) (GCC) ]
  ignore line: [COLLECT_GCC_OPTIONS='-v' '-o' 'CMakeFiles/cmTC_0f1fd.dir/CMakeCXXCompilerABI.cpp.o' '-c' '-shared-libgcc' '-mtune=generic' '-march=x86-64']
  ignore line: [ /usr/libexec/gcc/x86_64-redhat-linux/9/cc1plus -quiet -v -D_GNU_SOURCE /usr/share/cmake/Modules/CMakeCXXCompilerABI.cpp -quiet -dumpbase CMakeCXXCompilerABI.cpp -mtune=generic -march=x86-64 -auxbase-strip CMakeFiles/cmTC_0f1fd.dir/CMakeCXXCompilerABI.cpp.o -version -o /tmp/cc45yKLz.s]
  ignore line: [GNU C++14 (GCC) version 9.2.1 20190827 (Red Hat 9.2.1-1) (x86_64-redhat-linux)]
  ignore line: [	compiled by GNU C version 9.2.1 20190827 (Red Hat 9.2.1-1)  GMP version 6.1.2  MPFR version 3.1.6-p2  MPC version 1.1.0  isl version isl-0.16.1-GMP]
  ignore line: []
  ignore line: [GGC heuristics: --param ggc-min-expand=100 --param ggc-min-heapsize=131072]
  ignore line: [ignoring nonexistent directory "/usr/lib/gcc/x86_64-redhat-linux/9/include-fixed"]
  ignore line: [ignoring nonexistent directory "/usr/lib/gcc/x86_64-redhat-linux/9/../../../../x86_64-redhat-linux/include"]
  ignore line: [#include "..." search starts here:]
  ignore line: [#include <...> search starts here:]
  ignore line: [ /usr/lib/gcc/x86_64-redhat-linux/9/../../../../include/c++/9]
  ignore line: [ /usr/lib/gcc/x86_64-redhat-linux/9/../../../../include/c++/9/x86_64-redhat-linux]
  ignore line: [ /usr/lib/gcc/x86_64-redhat-linux/9/../../../../include/c++/9/backward]
  ignore line: [ /usr/lib/gcc/x86_64-redhat-linux/9/include]
  ignore line: [ /usr/local/include]
  ignore line: [ /usr/include]
  ignore line: [End of search list.]
  ignore line: [GNU C++14 (GCC) version 9.2.1 20190827 (Red Hat 9.2.1-1) (x86_64-redhat-linux)]
  ignore line: [	compiled by GNU C version 9.2.1 20190827 (Red Hat 9.2.1-1)  GMP version 6.1.2  MPFR version 3.1.6-p2  MPC version 1.1.0  isl version isl-0.16.1-GMP]
  ignore line: []
  ignore line: [GGC heuristics: --param ggc-min-expand=100 --param ggc-min-heapsize=131072]
  ignore line: [Compiler executable checksum: e744c1ccb033a349fe1a30f2c2a7c8d0]
  ignore line: [COLLECT_GCC_OPTIONS='-v' '-o' 'CMakeFiles/cmTC_0f1fd.dir/CMakeCXXCompilerABI.cpp.o' '-c' '-shared-libgcc' '-mtune=generic' '-march=x86-64']
  ignore line: [ as -v --64 -o CMakeFiles/cmTC_0f1fd.dir/CMakeCXXCompilerABI.cpp.o /tmp/cc45yKLz.s]
  ignore line: [GNU assembler version 2.32 (x86_64-redhat-linux) using BFD version version 2.32-31.fc31]
  ignore line: [COMPILER_PATH=/usr/libexec/gcc/x86_64-redhat-linux/9/:/usr/libexec/gcc/x86_64-redhat-linux/9/:/usr/libexec/gcc/x86_64-redhat-linux/:/usr/lib/gcc/x86_64-redhat-linux/9/:/usr/lib/gcc/x86_64-redhat-linux/]
  ignore line: [LIBRARY_PATH=/usr/lib/gcc/x86_64-redhat-linux/9/:/usr/lib/gcc/x86_64-redhat-linux/9/../../../../lib64/:/lib/../lib64/:/usr/lib/../lib64/:/usr/lib/gcc/x86_64-redhat-linux/9/../../../:/lib/:/usr/lib/]
  ignore line: [COLLECT_GCC_OPTIONS='-v' '-o' 'CMakeFiles/cmTC_0f1fd.dir/CMakeCXXCompilerABI.cpp.o' '-c' '-shared-libgcc' '-mtune=generic' '-march=x86-64']
  ignore line: [Linking CXX executable cmTC_0f1fd]
  ignore line: [/usr/bin/cmake -E cmake_link_script CMakeFiles/cmTC_0f1fd.dir/link.txt --verbose=1]
  ignore line: [/usr/bin/c++      -v CMakeFiles/cmTC_0f1fd.dir/CMakeCXXCompilerABI.cpp.o  -o cmTC_0f1fd ]
  ignore line: [Using built-in specs.]
  ignore line: [COLLECT_GCC=/usr/bin/c++]
  ignore line: [COLLECT_LTO_WRAPPER=/usr/libexec/gcc/x86_64-redhat-linux/9/lto-wrapper]
  ignore line: [OFFLOAD_TARGET_NAMES=nvptx-none]
  ignore line: [OFFLOAD_TARGET_DEFAULT=1]
  ignore line: [Target: x86_64-redhat-linux]
  ignore line: [Configured with: ../configure --enable-bootstrap --enable-languages=c c++ fortran objc obj-c++ ada go d lto --prefix=/usr --mandir=/usr/share/man --infodir=/usr/share/info --with-bugurl=http://bugzilla.redhat.com/bugzilla --enable-shared --enable-threads=posix --enable-checking=release --enable-multilib --with-system-zlib --enable-__cxa_atexit --disable-libunwind-exceptions --enable-gnu-unique-object --enable-linker-build-id --with-gcc-major-version-only --with-linker-hash-style=gnu --enable-plugin --enable-initfini-array --with-isl --enable-offload-targets=nvptx-none --without-cuda-driver --enable-gnu-indirect-function --enable-cet --with-tune=generic --with-arch_32=i686 --build=x86_64-redhat-linux]
  ignore line: [Thread model: posix]
  ignore line: [gcc version 9.2.1 20190827 (Red Hat 9.2.1-1) (GCC) ]
  ignore line: [COMPILER_PATH=/usr/libexec/gcc/x86_64-redhat-linux/9/:/usr/libexec/gcc/x86_64-redhat-linux/9/:/usr/libexec/gcc/x86_64-redhat-linux/:/usr/lib/gcc/x86_64-redhat-linux/9/:/usr/lib/gcc/x86_64-redhat-linux/]
  ignore line: [LIBRARY_PATH=/usr/lib/gcc/x86_64-redhat-linux/9/:/usr/lib/gcc/x86_64-redhat-linux/9/../../../../lib64/:/lib/../lib64/:/usr/lib/../lib64/:/usr/lib/gcc/x86_64-redhat-linux/9/../../../:/lib/:/usr/lib/]
  ignore line: [COLLECT_GCC_OPTIONS='-v' '-o' 'cmTC_0f1fd' '-shared-libgcc' '-mtune=generic' '-march=x86-64']
  link line: [ /usr/libexec/gcc/x86_64-redhat-linux/9/collect2 -plugin /usr/libexec/gcc/x86_64-redhat-linux/9/liblto_plugin.so -plugin-opt=/usr/libexec/gcc/x86_64-redhat-linux/9/lto-wrapper -plugin-opt=-fresolution=/tmp/ccR4MsMV.res -plugin-opt=-pass-through=-lgcc_s -plugin-opt=-pass-through=-lgcc -plugin-opt=-pass-through=-lc -plugin-opt=-pass-through=-lgcc_s -plugin-opt=-pass-through=-lgcc --build-id --no-add-needed --eh-frame-hdr --hash-style=gnu -m elf_x86_64 -dynamic-linker /lib64/ld-linux-x86-64.so.2 -o cmTC_0f1fd /usr/lib/gcc/x86_64-redhat-linux/9/../../../../lib64/crt1.o /usr/lib/gcc/x86_64-redhat-linux/9/../../../../lib64/crti.o /usr/lib/gcc/x86_64-redhat-linux/9/crtbegin.o -L/usr/lib/gcc/x86_64-redhat-linux/9 -L/usr/lib/gcc/x86_64-redhat-linux/9/../../../../lib64 -L/lib/../lib64 -L/usr/lib/../lib64 -L/usr/lib/gcc/x86_64-redhat-linux/9/../../.. CMakeFiles/cmTC_0f1fd.dir/CMakeCXXCompilerABI.cpp.o -lstdc++ -lm -lgcc_s -lgcc -lc -lgcc_s -lgcc /usr/lib/gcc/x86_64-redhat-linux/9/crtend.o /usr/lib/gcc/x86_64-redhat-linux/9/../../../../lib64/crtn.o]
    arg [/usr/libexec/gcc/x86_64-redhat-linux/9/collect2] ==> ignore
    arg [-plugin] ==> ignore
    arg [/usr/libexec/gcc/x86_64-redhat-linux/9/liblto_plugin.so] ==> ignore
    arg [-plugin-opt=/usr/libexec/gcc/x86_64-redhat-linux/9/lto-wrapper] ==> ignore
    arg [-plugin-opt=-fresolution=/tmp/ccR4MsMV.res] ==> ignore
    arg [-plugin-opt=-pass-through=-lgcc_s] ==> ignore
    arg [-plugin-opt=-pass-through=-lgcc] ==> ignore
    arg [-plugin-opt=-pass-through=-lc] ==> ignore
    arg [-plugin-opt=-pass-through=-lgcc_s] ==> ignore
    arg [-plugin-opt=-pass-through=-lgcc] ==> ignore
    arg [--build-id] ==> ignore
    arg [--no-add-needed] ==> ignore
    arg [--eh-frame-hdr] ==> ignore
    arg [--hash-style=gnu] ==> ignore
    arg [-m] ==> ignore
    arg [elf_x86_64] ==> ignore
    arg [-dynamic-linker] ==> ignore
    arg [/lib64/ld-linux-x86-64.so.2] ==> ignore
    arg [-o] ==> ignore
    arg [cmTC_0f1fd] ==> ignore
    arg [/usr/lib/gcc/x86_64-redhat-linux/9/../../../../lib64/crt1.o] ==> ignore
    arg [/usr/lib/gcc/x86_64-redhat-linux/9/../../../../lib64/crti.o] ==> ignore
    arg [/usr/lib/gcc/x86_64-redhat-linux/9/crtbegin.o] ==> ignore
    arg [-L/usr/lib/gcc/x86_64-redhat-linux/9] ==> dir [/usr/lib/gcc/x86_64-redhat-linux/9]
    arg [-L/usr/lib/gcc/x86_64-redhat-linux/9/../../../../lib64] ==> dir [/usr/lib/gcc/x86_64-redhat-linux/9/../../../../lib64]
    arg [-L/lib/../lib64] ==> dir [/lib/../lib64]
    arg [-L/usr/lib/../lib64] ==> dir [/usr/lib/../lib64]
    arg [-L/usr/lib/gcc/x86_64-redhat-linux/9/../../..] ==> dir [/usr/lib/gcc/x86_64-redhat-linux/9/../../..]
    arg [CMakeFiles/cmTC_0f1fd.dir/CMakeCXXCompilerABI.cpp.o] ==> ignore
    arg [-lstdc++] ==> lib [stdc++]
    arg [-lm] ==> lib [m]
    arg [-lgcc_s] ==> lib [gcc_s]
    arg [-lgcc] ==> lib [gcc]
    arg [-lc] ==> lib [c]
    arg [-lgcc_s] ==> lib [gcc_s]
    arg [-lgcc] ==> lib [gcc]
    arg [/usr/lib/gcc/x86_64-redhat-linux/9/crtend.o] ==> ignore
    arg [/usr/lib/gcc/x86_64-redhat-linux/9/../../../../lib64/crtn.o] ==> ignore
  collapse library dir [/usr/lib/gcc/x86_64-redhat-linux/9] ==> [/usr/lib/gcc/x86_64-redhat-linux/9]
  collapse library dir [/usr/lib/gcc/x86_64-redhat-linux/9/../../../../lib64] ==> [/usr/lib64]
  collapse library dir [/lib/../lib64] ==> [/lib64]
  collapse library dir [/usr/lib/../lib64] ==> [/usr/lib64]
  collapse library dir [/usr/lib/gcc/x86_64-redhat-linux/9/../../..] ==> [/usr/lib]
  implicit libs: [stdc++;m;gcc_s;gcc;c;gcc_s;gcc]
  implicit dirs: [/usr/lib/gcc/x86_64-redhat-linux/9;/usr/lib64;/lib64;/usr/lib]
  implicit fwks: []


